2025-07-19 20:58:25,821 | INFO | --- Processing file: 2010_NAF_T3.csv ---
2025-07-19 20:58:25,833 | INFO | Script: step_3_T3.py | File: 2010_NAF_T3.csv | ColumnAggregationWarning: Sum across axis 'Quantités de gaz consommées en tant que matières premières' for group '_T' included a suppressed or null value (s, so, ns, or null).
2025-07-19 20:58:25,835 | INFO | Script: step_3_T3.py | File: 2010_NAF_T3.csv | ColumnAggregationWarning: Sum across axis 'Quantités de gaz consommées en tant que matières premières' for group '16' included a suppressed or null value (s, so, ns, or null).
2025-07-19 20:58:25,836 | INFO | Script: step_3_T3.py | File: 2010_NAF_T3.csv | ColumnAggregationWarning: Sum across axis 'Quantités de gaz consommées en tant que matières premières' for group '17' included a suppressed or null value (s, so, ns, or null).
2025-07-19 20:58:25,837 | INFO | Script: step_3_T3.py | File: 2010_NAF_T3.csv | ColumnAggregationWarning: Sum across axis 'Quantités de gaz consommées en tant que matières premières' for group '20' included a suppressed or null value (s, so, ns, or null).
2025-07-19 20:58:25,837 | INFO | Script: step_3_T3.py | File: 2010_NAF_T3.csv | ColumnAggregationWarning: Sum across axis 'Quantités de gaz consommées en tant que matières premières' for group '22' included a suppressed or null value (s, so, ns, or null).
2025-07-19 20:58:25,840 | INFO | Script: step_3_T3.py | File: 2010_NAF_T3.csv | ColumnAggregationWarning: Sum across axis 'Quantités de gaz consommées en tant que matières premières' for group '29' included a suppressed or null value (s, so, ns, or null).
2025-07-19 20:58:25,841 | INFO | Script: step_3_T3.py | File: 2010_NAF_T3.csv | ColumnAggregationWarning: Sum across axis 'Quantités de gaz consommées en tant que matières premières' for group '32' included a suppressed or null value (s, so, ns, or null).
2025-07-19 20:58:25,841 | INFO | Script: step_3_T3.py | File: 2010_NAF_T3.csv | ColumnAggregationWarning: Sum across axis 'Quantités de gaz consommées en tant que matières premières' for group '33' included a suppressed or null value (s, so, ns, or null).
2025-07-19 20:58:25,843 | INFO | Script: step_3_T3.py | File: 2010_NAF_T3.csv | ColumnAggregationWarning: Sum across axis 'Quantités de gaz consommées pour la fabrication' for group 'B07T09' included a suppressed or null value (s, so, ns, or null).
2025-07-19 20:58:25,844 | INFO | Script: step_3_T3.py | File: 2010_NAF_T3.csv | ColumnAggregationWarning: Sum across axis 'Quantités de gaz consommées pour la fabrication' for group '16' included a suppressed or null value (s, so, ns, or null).
2025-07-19 20:58:25,846 | INFO | Script: step_3_T3.py | File: 2010_NAF_T3.csv | ColumnAggregationWarning: Sum across axis 'Quantités de gaz consommées pour la fabrication' for group '24' included a suppressed or null value (s, so, ns, or null).
2025-07-19 20:58:25,848 | INFO | Script: step_3_T3.py | File: 2010_NAF_T3.csv | ColumnAggregationWarning: Sum across axis 'Quantités de gaz consommées pour la fabrication' for group '30' included a suppressed or null value (s, so, ns, or null).
2025-07-19 20:58:25,849 | INFO | Script: step_3_T3.py | File: 2010_NAF_T3.csv | ColumnAggregationWarning: Sum across axis 'Quantités de gaz consommées pour la fabrication' for group '33' included a suppressed or null value (s, so, ns, or null).
2025-07-19 20:58:25,850 | INFO | Script: step_3_T3.py | File: 2010_NAF_T3.csv | ColumnAggregationWarning: Sum across axis 'Quantités de gaz consommées pour la production d’électricité' for group '_T' included a suppressed or null value (s, so, ns, or null).
2025-07-19 20:58:25,851 | INFO | Script: step_3_T3.py | File: 2010_NAF_T3.csv | ColumnAggregationWarning: Sum across axis 'Quantités de gaz consommées pour la production d’électricité' for group '13' included a suppressed or null value (s, so, ns, or null).
2025-07-19 20:58:25,852 | INFO | Script: step_3_T3.py | File: 2010_NAF_T3.csv | ColumnAggregationWarning: Sum across axis 'Quantités de gaz consommées pour la production d’électricité' for group '16' included a suppressed or null value (s, so, ns, or null).
2025-07-19 20:58:25,853 | INFO | Script: step_3_T3.py | File: 2010_NAF_T3.csv | ColumnAggregationWarning: Sum across axis 'Quantités de gaz consommées pour la production d’électricité' for group '18' included a suppressed or null value (s, so, ns, or null).
2025-07-19 20:58:25,854 | INFO | Script: step_3_T3.py | File: 2010_NAF_T3.csv | ColumnAggregationWarning: Sum across axis 'Quantités de gaz consommées pour la production d’électricité' for group '20' included a suppressed or null value (s, so, ns, or null).
2025-07-19 20:58:25,854 | INFO | Script: step_3_T3.py | File: 2010_NAF_T3.csv | ColumnAggregationWarning: Sum across axis 'Quantités de gaz consommées pour la production d’électricité' for group '22' included a suppressed or null value (s, so, ns, or null).
2025-07-19 20:58:25,856 | INFO | Script: step_3_T3.py | File: 2010_NAF_T3.csv | ColumnAggregationWarning: Sum across axis 'Quantités de gaz consommées pour la production d’électricité' for group '29' included a suppressed or null value (s, so, ns, or null).
2025-07-19 20:58:25,858 | INFO | Script: step_3_T3.py | File: 2010_NAF_T3.csv | ColumnAggregationWarning: Sum across axis 'Quantités de gaz consommées pour la production d’électricité' for group '33' included a suppressed or null value (s, so, ns, or null).
2025-07-19 20:58:25,859 | INFO | Script: step_3_T3.py | File: 2010_NAF_T3.csv | ColumnAggregationWarning: Sum across axis 'Quantités de gaz consommées pour le chauffage ou un autre usage' for group '13' included a suppressed or null value (s, so, ns, or null).
2025-07-19 20:58:25,860 | INFO | Script: step_3_T3.py | File: 2010_NAF_T3.csv | ColumnAggregationWarning: Sum across axis 'Quantités de gaz consommées pour le chauffage ou un autre usage' for group '15' included a suppressed or null value (s, so, ns, or null).
2025-07-19 20:58:25,861 | INFO | Script: step_3_T3.py | File: 2010_NAF_T3.csv | ColumnAggregationWarning: Sum across axis 'Quantités de gaz consommées pour le chauffage ou un autre usage' for group '16' included a suppressed or null value (s, so, ns, or null).
2025-07-19 20:58:25,861 | INFO | Script: step_3_T3.py | File: 2010_NAF_T3.csv | ColumnAggregationWarning: Sum across axis 'Quantités de gaz consommées pour le chauffage ou un autre usage' for group '18' included a suppressed or null value (s, so, ns, or null).
2025-07-19 20:58:25,862 | INFO | Script: step_3_T3.py | File: 2010_NAF_T3.csv | ColumnAggregationWarning: Sum across axis 'Quantités de gaz consommées pour le chauffage ou un autre usage' for group '20' included a suppressed or null value (s, so, ns, or null).
2025-07-19 20:58:25,863 | INFO | Script: step_3_T3.py | File: 2010_NAF_T3.csv | ColumnAggregationWarning: Sum across axis 'Quantités de gaz consommées pour le chauffage ou un autre usage' for group '23' included a suppressed or null value (s, so, ns, or null).
2025-07-19 20:58:25,863 | INFO | Script: step_3_T3.py | File: 2010_NAF_T3.csv | ColumnAggregationWarning: Sum across axis 'Quantités de gaz consommées pour le chauffage ou un autre usage' for group '24' included a suppressed or null value (s, so, ns, or null).
2025-07-19 20:58:25,865 | INFO | Script: step_3_T3.py | File: 2010_NAF_T3.csv | ColumnAggregationWarning: Sum across axis 'Quantités de gaz consommées pour le chauffage ou un autre usage' for group '30' included a suppressed or null value (s, so, ns, or null).
2025-07-19 20:58:25,865 | INFO | Script: step_3_T3.py | File: 2010_NAF_T3.csv | ColumnAggregationWarning: Sum across axis 'Quantités de gaz consommées pour le chauffage ou un autre usage' for group '31' included a suppressed or null value (s, so, ns, or null).
2025-07-19 20:58:25,866 | INFO | Script: step_3_T3.py | File: 2010_NAF_T3.csv | ColumnAggregationWarning: Sum across axis 'Quantités de gaz consommées pour le chauffage ou un autre usage' for group '32' included a suppressed or null value (s, so, ns, or null).
2025-07-19 20:58:25,967 | INFO | --- Processing file: 2010_REG_T3.csv ---
2025-07-19 20:58:25,976 | INFO | Script: step_3_T3.py | File: 2010_REG_T3.csv | ColumnAggregationWarning: Sum across axis 'Quantités de gaz consommées en tant que matières premières' for group 'FRA' included a suppressed or null value (s, so, ns, or null).
2025-07-19 20:58:25,977 | INFO | Script: step_3_T3.py | File: 2010_REG_T3.csv | ColumnAggregationWarning: Sum across axis 'Quantités de gaz consommées en tant que matières premières' for group 'IDF' included a suppressed or null value (s, so, ns, or null).
2025-07-19 20:58:25,979 | INFO | Script: step_3_T3.py | File: 2010_REG_T3.csv | ColumnAggregationWarning: Sum across axis 'Quantités de gaz consommées en tant que matières premières' for group 'BFC' included a suppressed or null value (s, so, ns, or null).
2025-07-19 20:58:25,979 | INFO | Script: step_3_T3.py | File: 2010_REG_T3.csv | ColumnAggregationWarning: Sum across axis 'Quantités de gaz consommées en tant que matières premières' for group 'HDF' included a suppressed or null value (s, so, ns, or null).
2025-07-19 20:58:25,980 | INFO | Script: step_3_T3.py | File: 2010_REG_T3.csv | ColumnAggregationWarning: Sum across axis 'Quantités de gaz consommées en tant que matières premières' for group 'GRE' included a suppressed or null value (s, so, ns, or null).
2025-07-19 20:58:25,980 | INFO | Script: step_3_T3.py | File: 2010_REG_T3.csv | ColumnAggregationWarning: Sum across axis 'Quantités de gaz consommées en tant que matières premières' for group 'GRE' included a suppressed or null value (s, so, ns, or null).
2025-07-19 20:58:25,982 | INFO | Script: step_3_T3.py | File: 2010_REG_T3.csv | ColumnAggregationWarning: Sum across axis 'Quantités de gaz consommées en tant que matières premières' for group 'NOA' included a suppressed or null value (s, so, ns, or null).
2025-07-19 20:58:25,982 | INFO | Script: step_3_T3.py | File: 2010_REG_T3.csv | ColumnAggregationWarning: Sum across axis 'Quantités de gaz consommées en tant que matières premières' for group 'OCC' included a suppressed or null value (s, so, ns, or null).
2025-07-19 20:58:25,983 | INFO | Script: step_3_T3.py | File: 2010_REG_T3.csv | ColumnAggregationWarning: Sum across axis 'Quantités de gaz consommées en tant que matières premières' for group 'ARA' included a suppressed or null value (s, so, ns, or null).
2025-07-19 20:58:25,984 | INFO | Script: step_3_T3.py | File: 2010_REG_T3.csv | ColumnAggregationWarning: Sum across axis 'Quantités de gaz consommées en tant que matières premières' for group 'PAC' included a suppressed or null value (s, so, ns, or null).
2025-07-19 20:58:25,986 | INFO | Script: step_3_T3.py | File: 2010_REG_T3.csv | ColumnAggregationWarning: Sum across axis 'Quantités de gaz consommées pour la fabrication' for group 'NOR' included a suppressed or null value (s, so, ns, or null).
2025-07-19 20:58:25,987 | INFO | Script: step_3_T3.py | File: 2010_REG_T3.csv | ColumnAggregationWarning: Sum across axis 'Quantités de gaz consommées pour la fabrication' for group 'BFC' included a suppressed or null value (s, so, ns, or null).
2025-07-19 20:58:25,988 | INFO | Script: step_3_T3.py | File: 2010_REG_T3.csv | ColumnAggregationWarning: Sum across axis 'Quantités de gaz consommées pour la fabrication' for group 'HDF' included a suppressed or null value (s, so, ns, or null).
2025-07-19 20:58:25,989 | INFO | Script: step_3_T3.py | File: 2010_REG_T3.csv | ColumnAggregationWarning: Sum across axis 'Quantités de gaz consommées pour la fabrication' for group 'GRE' included a suppressed or null value (s, so, ns, or null).
2025-07-19 20:58:25,989 | INFO | Script: step_3_T3.py | File: 2010_REG_T3.csv | ColumnAggregationWarning: Sum across axis 'Quantités de gaz consommées pour la fabrication' for group 'BFC' included a suppressed or null value (s, so, ns, or null).
2025-07-19 20:58:25,992 | INFO | Script: step_3_T3.py | File: 2010_REG_T3.csv | ColumnAggregationWarning: Sum across axis 'Quantités de gaz consommées pour la fabrication' for group 'OCC' included a suppressed or null value (s, so, ns, or null).
2025-07-19 20:58:25,993 | INFO | Script: step_3_T3.py | File: 2010_REG_T3.csv | ColumnAggregationWarning: Sum across axis 'Quantités de gaz consommées pour la production d’électricité' for group 'FRA' included a suppressed or null value (s, so, ns, or null).
2025-07-19 20:58:25,994 | INFO | Script: step_3_T3.py | File: 2010_REG_T3.csv | ColumnAggregationWarning: Sum across axis 'Quantités de gaz consommées pour la production d’électricité' for group 'HDF' included a suppressed or null value (s, so, ns, or null).
2025-07-19 20:58:25,994 | INFO | Script: step_3_T3.py | File: 2010_REG_T3.csv | ColumnAggregationWarning: Sum across axis 'Quantités de gaz consommées pour la production d’électricité' for group 'NOR' included a suppressed or null value (s, so, ns, or null).
2025-07-19 20:58:25,997 | INFO | Script: step_3_T3.py | File: 2010_REG_T3.csv | ColumnAggregationWarning: Sum across axis 'Quantités de gaz consommées pour la production d’électricité' for group 'BFC' included a suppressed or null value (s, so, ns, or null).
2025-07-19 20:58:25,998 | INFO | Script: step_3_T3.py | File: 2010_REG_T3.csv | ColumnAggregationWarning: Sum across axis 'Quantités de gaz consommées pour la production d’électricité' for group 'NOA' included a suppressed or null value (s, so, ns, or null).
2025-07-19 20:58:25,998 | INFO | Script: step_3_T3.py | File: 2010_REG_T3.csv | ColumnAggregationWarning: Sum across axis 'Quantités de gaz consommées pour la production d’électricité' for group 'OCC' included a suppressed or null value (s, so, ns, or null).
2025-07-19 20:58:25,999 | INFO | Script: step_3_T3.py | File: 2010_REG_T3.csv | ColumnAggregationWarning: Sum across axis 'Quantités de gaz consommées pour la production d’électricité' for group 'NOA' included a suppressed or null value (s, so, ns, or null).
2025-07-19 20:58:25,999 | INFO | Script: step_3_T3.py | File: 2010_REG_T3.csv | ColumnAggregationWarning: Sum across axis 'Quantités de gaz consommées pour la production d’électricité' for group 'ARA' included a suppressed or null value (s, so, ns, or null).
2025-07-19 20:58:26,000 | INFO | Script: step_3_T3.py | File: 2010_REG_T3.csv | ColumnAggregationWarning: Sum across axis 'Quantités de gaz consommées pour la production d’électricité' for group 'ARA' included a suppressed or null value (s, so, ns, or null).
2025-07-19 20:58:26,000 | INFO | Script: step_3_T3.py | File: 2010_REG_T3.csv | ColumnAggregationWarning: Sum across axis 'Quantités de gaz consommées pour la production d’électricité' for group 'OCC' included a suppressed or null value (s, so, ns, or null).
2025-07-19 20:58:26,000 | INFO | Script: step_3_T3.py | File: 2010_REG_T3.csv | ColumnAggregationWarning: Sum across axis 'Quantités de gaz consommées pour la production d’électricité' for group 'PAC' included a suppressed or null value (s, so, ns, or null).
2025-07-19 20:58:26,001 | INFO | Script: step_3_T3.py | File: 2010_REG_T3.csv | ColumnAggregationWarning: Sum across axis 'Quantités de gaz consommées pour le chauffage ou un autre usage' for group 'IDF' included a suppressed or null value (s, so, ns, or null).
2025-07-19 20:58:26,002 | INFO | Script: step_3_T3.py | File: 2010_REG_T3.csv | ColumnAggregationWarning: Sum across axis 'Quantités de gaz consommées pour le chauffage ou un autre usage' for group 'HDF' included a suppressed or null value (s, so, ns, or null).
2025-07-19 20:58:26,003 | INFO | Script: step_3_T3.py | File: 2010_REG_T3.csv | ColumnAggregationWarning: Sum across axis 'Quantités de gaz consommées pour le chauffage ou un autre usage' for group 'NOR' included a suppressed or null value (s, so, ns, or null).
2025-07-19 20:58:26,004 | INFO | Script: step_3_T3.py | File: 2010_REG_T3.csv | ColumnAggregationWarning: Sum across axis 'Quantités de gaz consommées pour le chauffage ou un autre usage' for group 'HDF' included a suppressed or null value (s, so, ns, or null).
2025-07-19 20:58:26,004 | INFO | Script: step_3_T3.py | File: 2010_REG_T3.csv | ColumnAggregationWarning: Sum across axis 'Quantités de gaz consommées pour le chauffage ou un autre usage' for group 'GRE' included a suppressed or null value (s, so, ns, or null).
2025-07-19 20:58:26,006 | INFO | Script: step_3_T3.py | File: 2010_REG_T3.csv | ColumnAggregationWarning: Sum across axis 'Quantités de gaz consommées pour le chauffage ou un autre usage' for group 'NOA' included a suppressed or null value (s, so, ns, or null).
2025-07-19 20:58:26,006 | INFO | Script: step_3_T3.py | File: 2010_REG_T3.csv | ColumnAggregationWarning: Sum across axis 'Quantités de gaz consommées pour le chauffage ou un autre usage' for group 'NOA' included a suppressed or null value (s, so, ns, or null).
2025-07-19 20:58:26,007 | INFO | Script: step_3_T3.py | File: 2010_REG_T3.csv | ColumnAggregationWarning: Sum across axis 'Quantités de gaz consommées pour le chauffage ou un autre usage' for group 'NOA' included a suppressed or null value (s, so, ns, or null).
2025-07-19 20:58:26,007 | INFO | Script: step_3_T3.py | File: 2010_REG_T3.csv | ColumnAggregationWarning: Sum across axis 'Quantités de gaz consommées pour le chauffage ou un autre usage' for group 'ARA' included a suppressed or null value (s, so, ns, or null).
2025-07-19 20:58:26,016 | INFO | Script: step_3_T3.py | File: 2010_REG_T3.csv | RowAggregationWarning: Sum across axis 'BFC' for group 'Quantités de gaz consommées en tant que matières premières' included a suppressed or null value (s, so, ns, or null).
2025-07-19 20:58:26,034 | INFO | Script: step_3_T3.py | File: 2010_REG_T3.csv | RowAggregationWarning: Sum across axis 'BFC' for group 'Quantités de fioul domestique consommées en tant que matières premières' included a suppressed or null value (s, so, ns, or null).
2025-07-19 20:58:26,035 | INFO | Script: step_3_T3.py | File: 2010_REG_T3.csv | RowAggregationWarning: Sum across axis 'GRE' for group 'Quantités de fioul domestique consommées en tant que matières premières' included a suppressed or null value (s, so, ns, or null).
2025-07-19 20:58:26,035 | INFO | Script: step_3_T3.py | File: 2010_REG_T3.csv | RowAggregationWarning: Sum across axis 'HDF' for group 'Quantités de fioul domestique consommées en tant que matières premières' included a suppressed or null value (s, so, ns, or null).
2025-07-19 20:58:26,040 | INFO | Script: step_3_T3.py | File: 2010_REG_T3.csv | RowAggregationWarning: Sum across axis 'BFC' for group 'Quantités de fioul domestique consommées pour le chauffage ou un autre usage' included a suppressed or null value (s, so, ns, or null).
2025-07-19 20:58:26,041 | INFO | Script: step_3_T3.py | File: 2010_REG_T3.csv | RowAggregationWarning: Sum across axis 'GRE' for group 'Quantités de fioul domestique consommées pour le chauffage ou un autre usage' included a suppressed or null value (s, so, ns, or null).
2025-07-19 20:58:26,041 | INFO | Script: step_3_T3.py | File: 2010_REG_T3.csv | RowAggregationWarning: Sum across axis 'HDF' for group 'Quantités de fioul domestique consommées pour le chauffage ou un autre usage' included a suppressed or null value (s, so, ns, or null).
2025-07-19 20:58:26,075 | INFO | --- Processing file: 2010_TEFF_T3.csv ---
2025-07-19 20:58:26,085 | INFO | Script: step_3_T3.py | File: 2010_TEFF_T3.csv | ColumnAggregationWarning: Sum across axis 'Quantités de gaz consommées en tant que matières premières' for group '100-249' included a suppressed or null value (s, so, ns, or null).
2025-07-19 20:58:26,085 | INFO | Script: step_3_T3.py | File: 2010_TEFF_T3.csv | ColumnAggregationWarning: Sum across axis 'Quantités de gaz consommées en tant que matières premières' for group '250-499' included a suppressed or null value (s, so, ns, or null).
2025-07-19 20:58:26,086 | INFO | Script: step_3_T3.py | File: 2010_TEFF_T3.csv | ColumnAggregationWarning: Sum across axis 'Quantités de gaz consommées en tant que matières premières' for group '500+' included a suppressed or null value (s, so, ns, or null).
2025-07-19 20:58:26,086 | INFO | Script: step_3_T3.py | File: 2010_TEFF_T3.csv | ColumnAggregationWarning: Sum across axis 'Quantités de gaz consommées en tant que matières premières' for group '500+' included a suppressed or null value (s, so, ns, or null).
2025-07-19 20:58:26,088 | INFO | Script: step_3_T3.py | File: 2010_TEFF_T3.csv | ColumnAggregationWarning: Sum across axis 'Quantités de gaz consommées pour la fabrication' for group '20-49' included a suppressed or null value (s, so, ns, or null).
2025-07-19 20:58:26,090 | INFO | Script: step_3_T3.py | File: 2010_TEFF_T3.csv | ColumnAggregationWarning: Sum across axis 'Quantités de gaz consommées pour la fabrication' for group '500+' included a suppressed or null value (s, so, ns, or null).
2025-07-19 20:58:26,091 | INFO | Script: step_3_T3.py | File: 2010_TEFF_T3.csv | ColumnAggregationWarning: Sum across axis 'Quantités de gaz consommées pour la production d’électricité' for group '20-49' included a suppressed or null value (s, so, ns, or null).
2025-07-19 20:58:26,092 | INFO | Script: step_3_T3.py | File: 2010_TEFF_T3.csv | ColumnAggregationWarning: Sum across axis 'Quantités de gaz consommées pour la production d’électricité' for group '100-249' included a suppressed or null value (s, so, ns, or null).
2025-07-19 20:58:26,092 | INFO | Script: step_3_T3.py | File: 2010_TEFF_T3.csv | ColumnAggregationWarning: Sum across axis 'Quantités de gaz consommées pour la production d’électricité' for group '250-499' included a suppressed or null value (s, so, ns, or null).
2025-07-19 20:58:26,095 | INFO | Script: step_3_T3.py | File: 2010_TEFF_T3.csv | ColumnAggregationWarning: Sum across axis 'Quantités de gaz consommées pour le chauffage ou un autre usage' for group '500+' included a suppressed or null value (s, so, ns, or null).
2025-07-19 20:58:26,096 | INFO | Script: step_3_T3.py | File: 2010_TEFF_T3.csv | ColumnAggregationWarning: Sum across axis 'Quantités de gaz consommées pour le chauffage ou un autre usage' for group '500+' included a suppressed or null value (s, so, ns, or null).
2025-07-19 20:58:26,104 | INFO | Script: step_3_T3.py | File: 2010_TEFF_T3.csv | RowAggregationWarning: Sum across axis '500+' for group 'Quantités de gaz consommées pour la production d’électricité' included a suppressed or null value (s, so, ns, or null).
2025-07-19 20:58:26,109 | INFO | Script: step_3_T3.py | File: 2010_TEFF_T3.csv | RowAggregationWarning: Sum across axis '500+' for group 'Quantités de fioul domestique consommées pour la fabrication' included a suppressed or null value (s, so, ns, or null).
2025-07-19 20:58:26,111 | INFO | Script: step_3_T3.py | File: 2010_TEFF_T3.csv | RowAggregationWarning: Sum across axis '500+' for group 'Quantités de fioul domestique consommées en tant que matières premières' included a suppressed or null value (s, so, ns, or null).
2025-07-19 20:58:26,114 | INFO | Script: step_3_T3.py | File: 2010_TEFF_T3.csv | RowAggregationWarning: Sum across axis '500+' for group 'Quantités de fioul domestique consommées pour le chauffage ou un autre usage' included a suppressed or null value (s, so, ns, or null).
2025-07-19 20:58:26,131 | INFO | --- Processing file: 2011_NAF_T3.csv ---
2025-07-19 20:58:26,142 | INFO | Script: step_3_T3.py | File: 2011_NAF_T3.csv | ColumnAggregationWarning: Sum across axis 'Quantités de gaz consommées en tant que matières premières' for group '13' included a suppressed or null value (s, so, ns, or null).
2025-07-19 20:58:26,143 | INFO | Script: step_3_T3.py | File: 2011_NAF_T3.csv | ColumnAggregationWarning: Sum across axis 'Quantités de gaz consommées en tant que matières premières' for group '16' included a suppressed or null value (s, so, ns, or null).
2025-07-19 20:58:26,144 | INFO | Script: step_3_T3.py | File: 2011_NAF_T3.csv | ColumnAggregationWarning: Sum across axis 'Quantités de gaz consommées en tant que matières premières' for group '17' included a suppressed or null value (s, so, ns, or null).
2025-07-19 20:58:26,144 | INFO | Script: step_3_T3.py | File: 2011_NAF_T3.csv | ColumnAggregationWarning: Sum across axis 'Quantités de gaz consommées en tant que matières premières' for group '18' included a suppressed or null value (s, so, ns, or null).
2025-07-19 20:58:26,145 | INFO | Script: step_3_T3.py | File: 2011_NAF_T3.csv | ColumnAggregationWarning: Sum across axis 'Quantités de gaz consommées en tant que matières premières' for group '22' included a suppressed or null value (s, so, ns, or null).
2025-07-19 20:58:26,146 | INFO | Script: step_3_T3.py | File: 2011_NAF_T3.csv | ColumnAggregationWarning: Sum across axis 'Quantités de gaz consommées en tant que matières premières' for group '23' included a suppressed or null value (s, so, ns, or null).
2025-07-19 20:58:26,146 | INFO | Script: step_3_T3.py | File: 2011_NAF_T3.csv | ColumnAggregationWarning: Sum across axis 'Quantités de gaz consommées en tant que matières premières' for group '24' included a suppressed or null value (s, so, ns, or null).
2025-07-19 20:58:26,148 | INFO | Script: step_3_T3.py | File: 2011_NAF_T3.csv | ColumnAggregationWarning: Sum across axis 'Quantités de gaz consommées en tant que matières premières' for group '29' included a suppressed or null value (s, so, ns, or null).
2025-07-19 20:58:26,149 | INFO | Script: step_3_T3.py | File: 2011_NAF_T3.csv | ColumnAggregationWarning: Sum across axis 'Quantités de gaz consommées en tant que matières premières' for group '30' included a suppressed or null value (s, so, ns, or null).
2025-07-19 20:58:26,150 | INFO | Script: step_3_T3.py | File: 2011_NAF_T3.csv | ColumnAggregationWarning: Sum across axis 'Quantités de gaz consommées en tant que matières premières' for group '33' included a suppressed or null value (s, so, ns, or null).
2025-07-19 20:58:26,151 | INFO | Script: step_3_T3.py | File: 2011_NAF_T3.csv | ColumnAggregationWarning: Sum across axis 'Quantités de gaz consommées pour la fabrication' for group 'B07T09' included a suppressed or null value (s, so, ns, or null).
2025-07-19 20:58:26,152 | INFO | Script: step_3_T3.py | File: 2011_NAF_T3.csv | ColumnAggregationWarning: Sum across axis 'Quantités de gaz consommées pour la fabrication' for group '15' included a suppressed or null value (s, so, ns, or null).
2025-07-19 20:58:26,154 | INFO | Script: step_3_T3.py | File: 2011_NAF_T3.csv | ColumnAggregationWarning: Sum across axis 'Quantités de gaz consommées pour la fabrication' for group '20' included a suppressed or null value (s, so, ns, or null).
2025-07-19 20:58:26,154 | INFO | Script: step_3_T3.py | File: 2011_NAF_T3.csv | ColumnAggregationWarning: Sum across axis 'Quantités de gaz consommées pour la fabrication' for group '21' included a suppressed or null value (s, so, ns, or null).
2025-07-19 20:58:26,155 | INFO | Script: step_3_T3.py | File: 2011_NAF_T3.csv | ColumnAggregationWarning: Sum across axis 'Quantités de gaz consommées pour la fabrication' for group '24' included a suppressed or null value (s, so, ns, or null).
2025-07-19 20:58:26,156 | INFO | Script: step_3_T3.py | File: 2011_NAF_T3.csv | ColumnAggregationWarning: Sum across axis 'Quantités de gaz consommées pour la fabrication' for group '28' included a suppressed or null value (s, so, ns, or null).
2025-07-19 20:58:26,158 | INFO | Script: step_3_T3.py | File: 2011_NAF_T3.csv | ColumnAggregationWarning: Sum across axis 'Quantités de gaz consommées pour la fabrication' for group '33' included a suppressed or null value (s, so, ns, or null).
2025-07-19 20:58:26,159 | INFO | Script: step_3_T3.py | File: 2011_NAF_T3.csv | ColumnAggregationWarning: Sum across axis 'Quantités de gaz consommées pour la production d’électricité' for group '_T' included a suppressed or null value (s, so, ns, or null).
2025-07-19 20:58:26,160 | INFO | Script: step_3_T3.py | File: 2011_NAF_T3.csv | ColumnAggregationWarning: Sum across axis 'Quantités de gaz consommées pour la production d’électricité' for group '13' included a suppressed or null value (s, so, ns, or null).
2025-07-19 20:58:26,161 | INFO | Script: step_3_T3.py | File: 2011_NAF_T3.csv | ColumnAggregationWarning: Sum across axis 'Quantités de gaz consommées pour la production d’électricité' for group '15' included a suppressed or null value (s, so, ns, or null).
2025-07-19 20:58:26,161 | INFO | Script: step_3_T3.py | File: 2011_NAF_T3.csv | ColumnAggregationWarning: Sum across axis 'Quantités de gaz consommées pour la production d’électricité' for group '16' included a suppressed or null value (s, so, ns, or null).
2025-07-19 20:58:26,162 | INFO | Script: step_3_T3.py | File: 2011_NAF_T3.csv | ColumnAggregationWarning: Sum across axis 'Quantités de gaz consommées pour la production d’électricité' for group '17' included a suppressed or null value (s, so, ns, or null).
2025-07-19 20:58:26,162 | INFO | Script: step_3_T3.py | File: 2011_NAF_T3.csv | ColumnAggregationWarning: Sum across axis 'Quantités de gaz consommées pour la production d’électricité' for group '18' included a suppressed or null value (s, so, ns, or null).
2025-07-19 20:58:26,162 | INFO | Script: step_3_T3.py | File: 2011_NAF_T3.csv | ColumnAggregationWarning: Sum across axis 'Quantités de gaz consommées pour la production d’électricité' for group '20' included a suppressed or null value (s, so, ns, or null).
2025-07-19 20:58:26,163 | INFO | Script: step_3_T3.py | File: 2011_NAF_T3.csv | ColumnAggregationWarning: Sum across axis 'Quantités de gaz consommées pour la production d’électricité' for group '22' included a suppressed or null value (s, so, ns, or null).
2025-07-19 20:58:26,164 | INFO | Script: step_3_T3.py | File: 2011_NAF_T3.csv | ColumnAggregationWarning: Sum across axis 'Quantités de gaz consommées pour la production d’électricité' for group '23' included a suppressed or null value (s, so, ns, or null).
2025-07-19 20:58:26,164 | INFO | Script: step_3_T3.py | File: 2011_NAF_T3.csv | ColumnAggregationWarning: Sum across axis 'Quantités de gaz consommées pour la production d’électricité' for group '24' included a suppressed or null value (s, so, ns, or null).
2025-07-19 20:58:26,166 | INFO | Script: step_3_T3.py | File: 2011_NAF_T3.csv | ColumnAggregationWarning: Sum across axis 'Quantités de gaz consommées pour la production d’électricité' for group '29' included a suppressed or null value (s, so, ns, or null).
2025-07-19 20:58:26,166 | INFO | Script: step_3_T3.py | File: 2011_NAF_T3.csv | ColumnAggregationWarning: Sum across axis 'Quantités de gaz consommées pour la production d’électricité' for group '30' included a suppressed or null value (s, so, ns, or null).
2025-07-19 20:58:26,167 | INFO | Script: step_3_T3.py | File: 2011_NAF_T3.csv | ColumnAggregationWarning: Sum across axis 'Quantités de gaz consommées pour la production d’électricité' for group '33' included a suppressed or null value (s, so, ns, or null).
2025-07-19 20:58:26,167 | INFO | Script: step_3_T3.py | File: 2011_NAF_T3.csv | ColumnAggregationWarning: Sum across axis 'Quantités de gaz consommées pour la production d’électricité' for group '38' included a suppressed or null value (s, so, ns, or null).
2025-07-19 20:58:26,171 | INFO | Script: step_3_T3.py | File: 2011_NAF_T3.csv | ColumnAggregationWarning: Sum across axis 'Quantités de gaz consommées pour le chauffage ou un autre usage' for group '18' included a suppressed or null value (s, so, ns, or null).
2025-07-19 20:58:26,172 | INFO | Script: step_3_T3.py | File: 2011_NAF_T3.csv | ColumnAggregationWarning: Sum across axis 'Quantités de gaz consommées pour le chauffage ou un autre usage' for group '23' included a suppressed or null value (s, so, ns, or null).
2025-07-19 20:58:26,172 | INFO | Script: step_3_T3.py | File: 2011_NAF_T3.csv | ColumnAggregationWarning: Sum across axis 'Quantités de gaz consommées pour le chauffage ou un autre usage' for group '24' included a suppressed or null value (s, so, ns, or null).
2025-07-19 20:58:26,174 | INFO | Script: step_3_T3.py | File: 2011_NAF_T3.csv | ColumnAggregationWarning: Sum across axis 'Quantités de gaz consommées pour le chauffage ou un autre usage' for group '28' included a suppressed or null value (s, so, ns, or null).
2025-07-19 20:58:26,175 | INFO | Script: step_3_T3.py | File: 2011_NAF_T3.csv | ColumnAggregationWarning: Sum across axis 'Quantités de gaz consommées pour le chauffage ou un autre usage' for group '33' included a suppressed or null value (s, so, ns, or null).
2025-07-19 20:58:26,176 | INFO | Script: step_3_T3.py | File: 2011_NAF_T3.csv | ColumnAggregationWarning: Sum across axis 'Quantités de gaz consommées pour le chauffage ou un autre usage' for group '38' included a suppressed or null value (s, so, ns, or null).
2025-07-19 20:58:26,269 | INFO | --- Processing file: 2011_REG_T3.csv ---
2025-07-19 20:58:26,280 | INFO | Script: step_3_T3.py | File: 2011_REG_T3.csv | ColumnAggregationWarning: Sum across axis 'Quantités de gaz consommées en tant que matières premières' for group 'IDF' included a suppressed or null value (s, so, ns, or null).
2025-07-19 20:58:26,280 | INFO | Script: step_3_T3.py | File: 2011_REG_T3.csv | ColumnAggregationWarning: Sum across axis 'Quantités de gaz consommées en tant que matières premières' for group 'HDF' included a suppressed or null value (s, so, ns, or null).
2025-07-19 20:58:26,281 | INFO | Script: step_3_T3.py | File: 2011_REG_T3.csv | ColumnAggregationWarning: Sum across axis 'Quantités de gaz consommées en tant que matières premières' for group 'CVL' included a suppressed or null value (s, so, ns, or null).
2025-07-19 20:58:26,282 | INFO | Script: step_3_T3.py | File: 2011_REG_T3.csv | ColumnAggregationWarning: Sum across axis 'Quantités de gaz consommées en tant que matières premières' for group 'NOR' included a suppressed or null value (s, so, ns, or null).
2025-07-19 20:58:26,282 | INFO | Script: step_3_T3.py | File: 2011_REG_T3.csv | ColumnAggregationWarning: Sum across axis 'Quantités de gaz consommées en tant que matières premières' for group 'BFC' included a suppressed or null value (s, so, ns, or null).
2025-07-19 20:58:26,283 | INFO | Script: step_3_T3.py | File: 2011_REG_T3.csv | ColumnAggregationWarning: Sum across axis 'Quantités de gaz consommées en tant que matières premières' for group 'GRE' included a suppressed or null value (s, so, ns, or null).
2025-07-19 20:58:26,284 | INFO | Script: step_3_T3.py | File: 2011_REG_T3.csv | ColumnAggregationWarning: Sum across axis 'Quantités de gaz consommées en tant que matières premières' for group 'BFC' included a suppressed or null value (s, so, ns, or null).
2025-07-19 20:58:26,284 | INFO | Script: step_3_T3.py | File: 2011_REG_T3.csv | ColumnAggregationWarning: Sum across axis 'Quantités de gaz consommées en tant que matières premières' for group 'PAL' included a suppressed or null value (s, so, ns, or null).
2025-07-19 20:58:26,285 | INFO | Script: step_3_T3.py | File: 2011_REG_T3.csv | ColumnAggregationWarning: Sum across axis 'Quantités de gaz consommées en tant que matières premières' for group 'BRE' included a suppressed or null value (s, so, ns, or null).
2025-07-19 20:58:26,285 | INFO | Script: step_3_T3.py | File: 2011_REG_T3.csv | ColumnAggregationWarning: Sum across axis 'Quantités de gaz consommées en tant que matières premières' for group 'NOA' included a suppressed or null value (s, so, ns, or null).
2025-07-19 20:58:26,286 | INFO | Script: step_3_T3.py | File: 2011_REG_T3.csv | ColumnAggregationWarning: Sum across axis 'Quantités de gaz consommées en tant que matières premières' for group 'NOA' included a suppressed or null value (s, so, ns, or null).
2025-07-19 20:58:26,286 | INFO | Script: step_3_T3.py | File: 2011_REG_T3.csv | ColumnAggregationWarning: Sum across axis 'Quantités de gaz consommées en tant que matières premières' for group 'NOA' included a suppressed or null value (s, so, ns, or null).
2025-07-19 20:58:26,287 | INFO | Script: step_3_T3.py | File: 2011_REG_T3.csv | ColumnAggregationWarning: Sum across axis 'Quantités de gaz consommées en tant que matières premières' for group 'ARA' included a suppressed or null value (s, so, ns, or null).
2025-07-19 20:58:26,288 | INFO | Script: step_3_T3.py | File: 2011_REG_T3.csv | ColumnAggregationWarning: Sum across axis 'Quantités de gaz consommées en tant que matières premières' for group 'OCC' included a suppressed or null value (s, so, ns, or null).
2025-07-19 20:58:26,289 | INFO | Script: step_3_T3.py | File: 2011_REG_T3.csv | ColumnAggregationWarning: Sum across axis 'Quantités de gaz consommées pour la fabrication' for group 'HDF' included a suppressed or null value (s, so, ns, or null).
2025-07-19 20:58:26,290 | INFO | Script: step_3_T3.py | File: 2011_REG_T3.csv | ColumnAggregationWarning: Sum across axis 'Quantités de gaz consommées pour la fabrication' for group 'NOR' included a suppressed or null value (s, so, ns, or null).
2025-07-19 20:58:26,291 | INFO | Script: step_3_T3.py | File: 2011_REG_T3.csv | ColumnAggregationWarning: Sum across axis 'Quantités de gaz consommées pour la fabrication' for group 'NOR' included a suppressed or null value (s, so, ns, or null).
2025-07-19 20:58:26,291 | INFO | Script: step_3_T3.py | File: 2011_REG_T3.csv | ColumnAggregationWarning: Sum across axis 'Quantités de gaz consommées pour la fabrication' for group 'HDF' included a suppressed or null value (s, so, ns, or null).
2025-07-19 20:58:26,292 | INFO | Script: step_3_T3.py | File: 2011_REG_T3.csv | ColumnAggregationWarning: Sum across axis 'Quantités de gaz consommées pour la fabrication' for group 'GRE' included a suppressed or null value (s, so, ns, or null).
2025-07-19 20:58:26,293 | INFO | Script: step_3_T3.py | File: 2011_REG_T3.csv | ColumnAggregationWarning: Sum across axis 'Quantités de gaz consommées pour la fabrication' for group 'BRE' included a suppressed or null value (s, so, ns, or null).
2025-07-19 20:58:26,294 | INFO | Script: step_3_T3.py | File: 2011_REG_T3.csv | ColumnAggregationWarning: Sum across axis 'Quantités de gaz consommées pour la fabrication' for group 'NOA' included a suppressed or null value (s, so, ns, or null).
2025-07-19 20:58:26,294 | INFO | Script: step_3_T3.py | File: 2011_REG_T3.csv | ColumnAggregationWarning: Sum across axis 'Quantités de gaz consommées pour la fabrication' for group 'NOA' included a suppressed or null value (s, so, ns, or null).
2025-07-19 20:58:26,297 | INFO | Script: step_3_T3.py | File: 2011_REG_T3.csv | ColumnAggregationWarning: Sum across axis 'Quantités de gaz consommées pour la production d’électricité' for group 'FRA' included a suppressed or null value (s, so, ns, or null).
2025-07-19 20:58:26,297 | INFO | Script: step_3_T3.py | File: 2011_REG_T3.csv | ColumnAggregationWarning: Sum across axis 'Quantités de gaz consommées pour la production d’électricité' for group 'IDF' included a suppressed or null value (s, so, ns, or null).
2025-07-19 20:58:26,298 | INFO | Script: step_3_T3.py | File: 2011_REG_T3.csv | ColumnAggregationWarning: Sum across axis 'Quantités de gaz consommées pour la production d’électricité' for group 'NOR' included a suppressed or null value (s, so, ns, or null).
2025-07-19 20:58:26,298 | INFO | Script: step_3_T3.py | File: 2011_REG_T3.csv | ColumnAggregationWarning: Sum across axis 'Quantités de gaz consommées pour la production d’électricité' for group 'CVL' included a suppressed or null value (s, so, ns, or null).
2025-07-19 20:58:26,299 | INFO | Script: step_3_T3.py | File: 2011_REG_T3.csv | ColumnAggregationWarning: Sum across axis 'Quantités de gaz consommées pour la production d’électricité' for group 'NOR' included a suppressed or null value (s, so, ns, or null).
2025-07-19 20:58:26,299 | INFO | Script: step_3_T3.py | File: 2011_REG_T3.csv | ColumnAggregationWarning: Sum across axis 'Quantités de gaz consommées pour la production d’électricité' for group 'BFC' included a suppressed or null value (s, so, ns, or null).
2025-07-19 20:58:26,299 | INFO | Script: step_3_T3.py | File: 2011_REG_T3.csv | ColumnAggregationWarning: Sum across axis 'Quantités de gaz consommées pour la production d’électricité' for group 'HDF' included a suppressed or null value (s, so, ns, or null).
2025-07-19 20:58:26,300 | INFO | Script: step_3_T3.py | File: 2011_REG_T3.csv | ColumnAggregationWarning: Sum across axis 'Quantités de gaz consommées pour la production d’électricité' for group 'GRE' included a suppressed or null value (s, so, ns, or null).
2025-07-19 20:58:26,300 | INFO | Script: step_3_T3.py | File: 2011_REG_T3.csv | ColumnAggregationWarning: Sum across axis 'Quantités de gaz consommées pour la production d’électricité' for group 'GRE' included a suppressed or null value (s, so, ns, or null).
2025-07-19 20:58:26,301 | INFO | Script: step_3_T3.py | File: 2011_REG_T3.csv | ColumnAggregationWarning: Sum across axis 'Quantités de gaz consommées pour la production d’électricité' for group 'BFC' included a suppressed or null value (s, so, ns, or null).
2025-07-19 20:58:26,301 | INFO | Script: step_3_T3.py | File: 2011_REG_T3.csv | ColumnAggregationWarning: Sum across axis 'Quantités de gaz consommées pour la production d’électricité' for group 'PAL' included a suppressed or null value (s, so, ns, or null).
2025-07-19 20:58:26,302 | INFO | Script: step_3_T3.py | File: 2011_REG_T3.csv | ColumnAggregationWarning: Sum across axis 'Quantités de gaz consommées pour la production d’électricité' for group 'NOA' included a suppressed or null value (s, so, ns, or null).
2025-07-19 20:58:26,302 | INFO | Script: step_3_T3.py | File: 2011_REG_T3.csv | ColumnAggregationWarning: Sum across axis 'Quantités de gaz consommées pour la production d’électricité' for group 'OCC' included a suppressed or null value (s, so, ns, or null).
2025-07-19 20:58:26,303 | INFO | Script: step_3_T3.py | File: 2011_REG_T3.csv | ColumnAggregationWarning: Sum across axis 'Quantités de gaz consommées pour la production d’électricité' for group 'ARA' included a suppressed or null value (s, so, ns, or null).
2025-07-19 20:58:26,304 | INFO | Script: step_3_T3.py | File: 2011_REG_T3.csv | ColumnAggregationWarning: Sum across axis 'Quantités de gaz consommées pour la production d’électricité' for group 'OCC' included a suppressed or null value (s, so, ns, or null).
2025-07-19 20:58:26,306 | INFO | Script: step_3_T3.py | File: 2011_REG_T3.csv | ColumnAggregationWarning: Sum across axis 'Quantités de gaz consommées pour le chauffage ou un autre usage' for group 'NOR' included a suppressed or null value (s, so, ns, or null).
2025-07-19 20:58:26,310 | INFO | Script: step_3_T3.py | File: 2011_REG_T3.csv | ColumnAggregationWarning: Sum across axis 'Quantités de gaz consommées pour le chauffage ou un autre usage' for group 'OCC' included a suppressed or null value (s, so, ns, or null).
2025-07-19 20:58:26,321 | INFO | Script: step_3_T3.py | File: 2011_REG_T3.csv | RowAggregationWarning: Sum across axis 'OCC' for group 'Quantités de gaz consommées en tant que matières premières' included a suppressed or null value (s, so, ns, or null).
2025-07-19 20:58:26,323 | INFO | Script: step_3_T3.py | File: 2011_REG_T3.csv | RowAggregationWarning: Sum across axis 'HDF' for group 'Quantités de gaz consommées pour la production d’électricité' included a suppressed or null value (s, so, ns, or null).
2025-07-19 20:58:26,324 | INFO | Script: step_3_T3.py | File: 2011_REG_T3.csv | RowAggregationWarning: Sum across axis 'NOA' for group 'Quantités de gaz consommées pour la production d’électricité' included a suppressed or null value (s, so, ns, or null).
2025-07-19 20:58:26,335 | INFO | Script: step_3_T3.py | File: 2011_REG_T3.csv | RowAggregationWarning: Sum across axis 'ARA' for group 'Quantités de fioul domestique consommées en tant que matières premières' included a suppressed or null value (s, so, ns, or null).
2025-07-19 20:58:26,335 | INFO | Script: step_3_T3.py | File: 2011_REG_T3.csv | RowAggregationWarning: Sum across axis 'BFC' for group 'Quantités de fioul domestique consommées en tant que matières premières' included a suppressed or null value (s, so, ns, or null).
2025-07-19 20:58:26,337 | INFO | Script: step_3_T3.py | File: 2011_REG_T3.csv | RowAggregationWarning: Sum across axis 'GRE' for group 'Quantités de fioul domestique consommées en tant que matières premières' included a suppressed or null value (s, so, ns, or null).
2025-07-19 20:58:26,337 | INFO | Script: step_3_T3.py | File: 2011_REG_T3.csv | RowAggregationWarning: Sum across axis 'HDF' for group 'Quantités de fioul domestique consommées en tant que matières premières' included a suppressed or null value (s, so, ns, or null).
2025-07-19 20:58:26,338 | INFO | Script: step_3_T3.py | File: 2011_REG_T3.csv | RowAggregationWarning: Sum across axis 'NOA' for group 'Quantités de fioul domestique consommées en tant que matières premières' included a suppressed or null value (s, so, ns, or null).
2025-07-19 20:58:26,338 | INFO | Script: step_3_T3.py | File: 2011_REG_T3.csv | RowAggregationWarning: Sum across axis 'OCC' for group 'Quantités de fioul domestique consommées en tant que matières premières' included a suppressed or null value (s, so, ns, or null).
2025-07-19 20:58:26,342 | INFO | Script: step_3_T3.py | File: 2011_REG_T3.csv | RowAggregationWarning: Sum across axis 'ARA' for group 'Quantités de fioul domestique consommées pour le chauffage ou un autre usage' included a suppressed or null value (s, so, ns, or null).
2025-07-19 20:58:26,343 | INFO | Script: step_3_T3.py | File: 2011_REG_T3.csv | RowAggregationWarning: Sum across axis 'BFC' for group 'Quantités de fioul domestique consommées pour le chauffage ou un autre usage' included a suppressed or null value (s, so, ns, or null).
2025-07-19 20:58:26,344 | INFO | Script: step_3_T3.py | File: 2011_REG_T3.csv | RowAggregationWarning: Sum across axis 'GRE' for group 'Quantités de fioul domestique consommées pour le chauffage ou un autre usage' included a suppressed or null value (s, so, ns, or null).
2025-07-19 20:58:26,344 | INFO | Script: step_3_T3.py | File: 2011_REG_T3.csv | RowAggregationWarning: Sum across axis 'HDF' for group 'Quantités de fioul domestique consommées pour le chauffage ou un autre usage' included a suppressed or null value (s, so, ns, or null).
2025-07-19 20:58:26,345 | INFO | Script: step_3_T3.py | File: 2011_REG_T3.csv | RowAggregationWarning: Sum across axis 'NOA' for group 'Quantités de fioul domestique consommées pour le chauffage ou un autre usage' included a suppressed or null value (s, so, ns, or null).
2025-07-19 20:58:26,346 | INFO | Script: step_3_T3.py | File: 2011_REG_T3.csv | RowAggregationWarning: Sum across axis 'OCC' for group 'Quantités de fioul domestique consommées pour le chauffage ou un autre usage' included a suppressed or null value (s, so, ns, or null).
2025-07-19 20:58:26,377 | INFO | --- Processing file: 2011_TEFF_T3.csv ---
2025-07-19 20:58:26,387 | INFO | Script: step_3_T3.py | File: 2011_TEFF_T3.csv | ColumnAggregationWarning: Sum across axis 'Quantités de gaz consommées en tant que matières premières' for group '20-49' included a suppressed or null value (s, so, ns, or null).
2025-07-19 20:58:26,388 | INFO | Script: step_3_T3.py | File: 2011_TEFF_T3.csv | ColumnAggregationWarning: Sum across axis 'Quantités de gaz consommées en tant que matières premières' for group '100-249' included a suppressed or null value (s, so, ns, or null).
2025-07-19 20:58:26,389 | INFO | Script: step_3_T3.py | File: 2011_TEFF_T3.csv | ColumnAggregationWarning: Sum across axis 'Quantités de gaz consommées en tant que matières premières' for group '500+' included a suppressed or null value (s, so, ns, or null).
2025-07-19 20:58:26,389 | INFO | Script: step_3_T3.py | File: 2011_TEFF_T3.csv | ColumnAggregationWarning: Sum across axis 'Quantités de gaz consommées en tant que matières premières' for group '500+' included a suppressed or null value (s, so, ns, or null).
2025-07-19 20:58:26,392 | INFO | Script: step_3_T3.py | File: 2011_TEFF_T3.csv | ColumnAggregationWarning: Sum across axis 'Quantités de gaz consommées pour la fabrication' for group '500+' included a suppressed or null value (s, so, ns, or null).
2025-07-19 20:58:26,392 | INFO | Script: step_3_T3.py | File: 2011_TEFF_T3.csv | ColumnAggregationWarning: Sum across axis 'Quantités de gaz consommées pour la fabrication' for group '500+' included a suppressed or null value (s, so, ns, or null).
2025-07-19 20:58:26,393 | INFO | Script: step_3_T3.py | File: 2011_TEFF_T3.csv | ColumnAggregationWarning: Sum across axis 'Quantités de gaz consommées pour la production d’électricité' for group '_T' included a suppressed or null value (s, so, ns, or null).
2025-07-19 20:58:26,394 | INFO | Script: step_3_T3.py | File: 2011_TEFF_T3.csv | ColumnAggregationWarning: Sum across axis 'Quantités de gaz consommées pour la production d’électricité' for group '20-49' included a suppressed or null value (s, so, ns, or null).
2025-07-19 20:58:26,394 | INFO | Script: step_3_T3.py | File: 2011_TEFF_T3.csv | ColumnAggregationWarning: Sum across axis 'Quantités de gaz consommées pour la production d’électricité' for group '100-249' included a suppressed or null value (s, so, ns, or null).
2025-07-19 20:58:26,395 | INFO | Script: step_3_T3.py | File: 2011_TEFF_T3.csv | ColumnAggregationWarning: Sum across axis 'Quantités de gaz consommées pour la production d’électricité' for group '500+' included a suppressed or null value (s, so, ns, or null).
2025-07-19 20:58:26,396 | INFO | Script: step_3_T3.py | File: 2011_TEFF_T3.csv | ColumnAggregationWarning: Sum across axis 'Quantités de gaz consommées pour la production d’électricité' for group '500+' included a suppressed or null value (s, so, ns, or null).
2025-07-19 20:58:26,397 | INFO | Script: step_3_T3.py | File: 2011_TEFF_T3.csv | ColumnAggregationWarning: Sum across axis 'Quantités de gaz consommées pour le chauffage ou un autre usage' for group '20-49' included a suppressed or null value (s, so, ns, or null).
2025-07-19 20:58:26,398 | INFO | Script: step_3_T3.py | File: 2011_TEFF_T3.csv | ColumnAggregationWarning: Sum across axis 'Quantités de gaz consommées pour le chauffage ou un autre usage' for group '500+' included a suppressed or null value (s, so, ns, or null).
2025-07-19 20:58:26,405 | INFO | Script: step_3_T3.py | File: 2011_TEFF_T3.csv | RowAggregationWarning: Sum across axis '500+' for group 'Quantités de gaz consommées en tant que matières premières' included a suppressed or null value (s, so, ns, or null).
2025-07-19 20:58:26,407 | INFO | Script: step_3_T3.py | File: 2011_TEFF_T3.csv | RowAggregationWarning: Sum across axis '500+' for group 'Quantités de gaz consommées pour la production d’électricité' included a suppressed or null value (s, so, ns, or null).
2025-07-19 20:58:26,413 | INFO | Script: step_3_T3.py | File: 2011_TEFF_T3.csv | RowAggregationWarning: Sum across axis '500+' for group 'Quantités de fioul domestique consommées en tant que matières premières' included a suppressed or null value (s, so, ns, or null).
2025-07-19 20:58:26,415 | INFO | Script: step_3_T3.py | File: 2011_TEFF_T3.csv | RowAggregationWarning: Sum across axis '500+' for group 'Quantités de fioul domestique consommées pour la production d’électricité' included a suppressed or null value (s, so, ns, or null).
2025-07-19 20:58:26,434 | INFO | --- Processing file: 2012_NAF_T3.csv ---
2025-07-19 20:58:26,480 | INFO | Script: step_3_T3.py | File: 2012_NAF_T3.csv | RowAggregationWarning: Sum across axis 'C10T12' for group 'Quantités de fioul domestique consommées en tant que matières premières' included a suppressed or null value (s, so, ns, or null).
2025-07-19 20:58:26,486 | INFO | Script: step_3_T3.py | File: 2012_NAF_T3.csv | RowAggregationWarning: Sum across axis 'B07T09' for group 'Quantités de fioul domestique consommées pour la production d’électricité' included a suppressed or null value (s, so, ns, or null).
2025-07-19 20:58:26,486 | INFO | Script: step_3_T3.py | File: 2012_NAF_T3.csv | RowAggregationWarning: Sum across axis 'C10T12' for group 'Quantités de fioul domestique consommées pour la production d’électricité' included a suppressed or null value (s, so, ns, or null).
2025-07-19 20:58:26,492 | INFO | Script: step_3_T3.py | File: 2012_NAF_T3.csv | RowAggregationWarning: Sum across axis 'B07T09' for group 'Quantités de fioul domestique consommées pour le chauffage ou un autre usage' included a suppressed or null value (s, so, ns, or null).
2025-07-19 20:58:26,492 | INFO | Script: step_3_T3.py | File: 2012_NAF_T3.csv | RowAggregationWarning: Sum across axis 'C10T12' for group 'Quantités de fioul domestique consommées pour le chauffage ou un autre usage' included a suppressed or null value (s, so, ns, or null).
2025-07-19 20:58:26,543 | INFO | --- Processing file: 2012_REG_T3.csv ---
2025-07-19 20:58:26,572 | INFO | Script: step_3_T3.py | File: 2012_REG_T3.csv | RowAggregationWarning: Sum across axis 'BFC' for group 'Quantités de fioul domestique consommées en tant que matières premières' included a suppressed or null value (s, so, ns, or null).
2025-07-19 20:58:26,573 | INFO | Script: step_3_T3.py | File: 2012_REG_T3.csv | RowAggregationWarning: Sum across axis 'HDF' for group 'Quantités de fioul domestique consommées en tant que matières premières' included a suppressed or null value (s, so, ns, or null).
2025-07-19 20:58:26,574 | INFO | Script: step_3_T3.py | File: 2012_REG_T3.csv | RowAggregationWarning: Sum across axis 'NOA' for group 'Quantités de fioul domestique consommées en tant que matières premières' included a suppressed or null value (s, so, ns, or null).
2025-07-19 20:58:26,575 | INFO | Script: step_3_T3.py | File: 2012_REG_T3.csv | RowAggregationWarning: Sum across axis 'BFC' for group 'Quantités de fioul domestique consommées pour la production d’électricité' included a suppressed or null value (s, so, ns, or null).
2025-07-19 20:58:26,577 | INFO | Script: step_3_T3.py | File: 2012_REG_T3.csv | RowAggregationWarning: Sum across axis 'HDF' for group 'Quantités de fioul domestique consommées pour la production d’électricité' included a suppressed or null value (s, so, ns, or null).
2025-07-19 20:58:26,577 | INFO | Script: step_3_T3.py | File: 2012_REG_T3.csv | RowAggregationWarning: Sum across axis 'NOA' for group 'Quantités de fioul domestique consommées pour la production d’électricité' included a suppressed or null value (s, so, ns, or null).
2025-07-19 20:58:26,613 | INFO | --- Processing file: 2012_TEFF_T3.csv ---
2025-07-19 20:58:26,633 | INFO | Script: step_3_T3.py | File: 2012_TEFF_T3.csv | RowAggregationWarning: Sum across axis '500+' for group 'Quantités de fioul domestique consommées en tant que matières premières' included a suppressed or null value (s, so, ns, or null).
2025-07-19 20:58:26,635 | INFO | Script: step_3_T3.py | File: 2012_TEFF_T3.csv | RowAggregationWarning: Sum across axis '500+' for group 'Quantités de fioul domestique consommées pour la production d’électricité' included a suppressed or null value (s, so, ns, or null).
2025-07-19 20:58:26,654 | INFO | --- Processing file: 2013_NAF_T3.csv ---
2025-07-19 20:58:26,677 | INFO | Script: step_3_T3.py | File: 2013_NAF_T3.csv | RowAggregationWarning: Sum across axis 'C10T12' for group 'Quantités de gaz consommées en tant que matières premières' included a suppressed or null value (s, so, ns, or null).
2025-07-19 20:58:26,688 | INFO | Script: step_3_T3.py | File: 2013_NAF_T3.csv | RowAggregationWarning: Sum across axis 'C10T12' for group 'Quantités de gaz consommées pour le chauffage ou un autre usage' included a suppressed or null value (s, so, ns, or null).
2025-07-19 20:58:26,707 | INFO | Script: step_3_T3.py | File: 2013_NAF_T3.csv | RowAggregationWarning: Sum across axis 'B07T09' for group 'Quantités de fioul domestique consommées en tant que matières premières' included a suppressed or null value (s, so, ns, or null).
2025-07-19 20:58:26,707 | INFO | Script: step_3_T3.py | File: 2013_NAF_T3.csv | RowAggregationWarning: Sum across axis 'C10T12' for group 'Quantités de fioul domestique consommées en tant que matières premières' included a suppressed or null value (s, so, ns, or null).
2025-07-19 20:58:26,712 | INFO | Script: step_3_T3.py | File: 2013_NAF_T3.csv | RowAggregationWarning: Sum across axis 'B07T09' for group 'Quantités de fioul domestique consommées pour la production d’électricité' included a suppressed or null value (s, so, ns, or null).
2025-07-19 20:58:26,713 | INFO | Script: step_3_T3.py | File: 2013_NAF_T3.csv | RowAggregationWarning: Sum across axis 'C10T12' for group 'Quantités de fioul domestique consommées pour la production d’électricité' included a suppressed or null value (s, so, ns, or null).
2025-07-19 20:58:26,719 | INFO | Script: step_3_T3.py | File: 2013_NAF_T3.csv | RowAggregationWarning: Sum across axis 'C10T12' for group 'Quantités de fioul domestique consommées pour le chauffage ou un autre usage' included a suppressed or null value (s, so, ns, or null).
2025-07-19 20:58:26,769 | INFO | --- Processing file: 2013_REG_T3.csv ---
2025-07-19 20:58:26,784 | INFO | Script: step_3_T3.py | File: 2013_REG_T3.csv | RowAggregationWarning: Sum across axis 'BFC' for group 'Quantités de gaz consommées en tant que matières premières' included a suppressed or null value (s, so, ns, or null).
2025-07-19 20:58:26,786 | INFO | Script: step_3_T3.py | File: 2013_REG_T3.csv | RowAggregationWarning: Sum across axis 'NOA' for group 'Quantités de gaz consommées en tant que matières premières' included a suppressed or null value (s, so, ns, or null).
2025-07-19 20:58:26,786 | INFO | Script: step_3_T3.py | File: 2013_REG_T3.csv | RowAggregationWarning: Sum across axis 'NOR' for group 'Quantités de gaz consommées en tant que matières premières' included a suppressed or null value (s, so, ns, or null).
2025-07-19 20:58:26,789 | INFO | Script: step_3_T3.py | File: 2013_REG_T3.csv | RowAggregationWarning: Sum across axis 'NOA' for group 'Quantités de gaz consommées pour la production d’électricité' included a suppressed or null value (s, so, ns, or null).
2025-07-19 20:58:26,789 | INFO | Script: step_3_T3.py | File: 2013_REG_T3.csv | RowAggregationWarning: Sum across axis 'NOR' for group 'Quantités de gaz consommées pour la production d’électricité' included a suppressed or null value (s, so, ns, or null).
2025-07-19 20:58:26,793 | INFO | Script: step_3_T3.py | File: 2013_REG_T3.csv | RowAggregationWarning: Sum across axis 'NOA' for group 'Quantités de gaz consommées pour le chauffage ou un autre usage' included a suppressed or null value (s, so, ns, or null).
2025-07-19 20:58:26,793 | INFO | Script: step_3_T3.py | File: 2013_REG_T3.csv | RowAggregationWarning: Sum across axis 'NOR' for group 'Quantités de gaz consommées pour le chauffage ou un autre usage' included a suppressed or null value (s, so, ns, or null).
2025-07-19 20:58:26,799 | INFO | Script: step_3_T3.py | File: 2013_REG_T3.csv | RowAggregationWarning: Sum across axis 'BFC' for group 'Quantités de fioul domestique consommées pour la fabrication' included a suppressed or null value (s, so, ns, or null).
2025-07-19 20:58:26,800 | INFO | Script: step_3_T3.py | File: 2013_REG_T3.csv | RowAggregationWarning: Sum across axis 'GRE' for group 'Quantités de fioul domestique consommées pour la fabrication' included a suppressed or null value (s, so, ns, or null).
2025-07-19 20:58:26,802 | INFO | Script: step_3_T3.py | File: 2013_REG_T3.csv | RowAggregationWarning: Sum across axis 'ARA' for group 'Quantités de fioul domestique consommées en tant que matières premières' included a suppressed or null value (s, so, ns, or null).
2025-07-19 20:58:26,804 | INFO | Script: step_3_T3.py | File: 2013_REG_T3.csv | RowAggregationWarning: Sum across axis 'GRE' for group 'Quantités de fioul domestique consommées en tant que matières premières' included a suppressed or null value (s, so, ns, or null).
2025-07-19 20:58:26,805 | INFO | Script: step_3_T3.py | File: 2013_REG_T3.csv | RowAggregationWarning: Sum across axis 'NOA' for group 'Quantités de fioul domestique consommées en tant que matières premières' included a suppressed or null value (s, so, ns, or null).
2025-07-19 20:58:26,805 | INFO | Script: step_3_T3.py | File: 2013_REG_T3.csv | RowAggregationWarning: Sum across axis 'OCC' for group 'Quantités de fioul domestique consommées en tant que matières premières' included a suppressed or null value (s, so, ns, or null).
2025-07-19 20:58:26,806 | INFO | Script: step_3_T3.py | File: 2013_REG_T3.csv | RowAggregationWarning: Sum across axis 'ARA' for group 'Quantités de fioul domestique consommées pour la production d’électricité' included a suppressed or null value (s, so, ns, or null).
2025-07-19 20:58:26,807 | INFO | Script: step_3_T3.py | File: 2013_REG_T3.csv | RowAggregationWarning: Sum across axis 'BFC' for group 'Quantités de fioul domestique consommées pour la production d’électricité' included a suppressed or null value (s, so, ns, or null).
2025-07-19 20:58:26,809 | INFO | Script: step_3_T3.py | File: 2013_REG_T3.csv | RowAggregationWarning: Sum across axis 'NOA' for group 'Quantités de fioul domestique consommées pour la production d’électricité' included a suppressed or null value (s, so, ns, or null).
2025-07-19 20:58:26,809 | INFO | Script: step_3_T3.py | File: 2013_REG_T3.csv | RowAggregationWarning: Sum across axis 'OCC' for group 'Quantités de fioul domestique consommées pour la production d’électricité' included a suppressed or null value (s, so, ns, or null).
2025-07-19 20:58:26,843 | INFO | --- Processing file: 2013_TEFF_T3.csv ---
2025-07-19 20:58:26,857 | INFO | Script: step_3_T3.py | File: 2013_TEFF_T3.csv | RowAggregationWarning: Sum across axis '500+' for group 'Quantités de gaz consommées en tant que matières premières' included a suppressed or null value (s, so, ns, or null).
2025-07-19 20:58:26,861 | INFO | Script: step_3_T3.py | File: 2013_TEFF_T3.csv | RowAggregationWarning: Sum across axis '500+' for group 'Quantités de gaz consommées pour le chauffage ou un autre usage' included a suppressed or null value (s, so, ns, or null).
2025-07-19 20:58:26,866 | INFO | Script: step_3_T3.py | File: 2013_TEFF_T3.csv | RowAggregationWarning: Sum across axis '500+' for group 'Quantités de fioul domestique consommées en tant que matières premières' included a suppressed or null value (s, so, ns, or null).
2025-07-19 20:58:26,867 | INFO | Script: step_3_T3.py | File: 2013_TEFF_T3.csv | RowAggregationWarning: Sum across axis '500+' for group 'Quantités de fioul domestique consommées pour la production d’électricité' included a suppressed or null value (s, so, ns, or null).
2025-07-19 20:58:26,886 | INFO | --- Processing file: 2014_NAF_T3.csv ---
2025-07-19 20:58:26,997 | INFO | --- Processing file: 2014_REG_T3.csv ---
2025-07-19 20:58:27,012 | INFO | Script: step_3_T3.py | File: 2014_REG_T3.csv | RowAggregationWarning: Sum across axis 'ARA' for group 'Quantités de gaz consommées en tant que matières premières' included a suppressed or null value (s, so, ns, or null).
2025-07-19 20:58:27,014 | INFO | Script: step_3_T3.py | File: 2014_REG_T3.csv | RowAggregationWarning: Sum across axis 'HDF' for group 'Quantités de gaz consommées en tant que matières premières' included a suppressed or null value (s, so, ns, or null).
2025-07-19 20:58:27,015 | INFO | Script: step_3_T3.py | File: 2014_REG_T3.csv | RowAggregationWarning: Sum across axis 'OCC' for group 'Quantités de gaz consommées en tant que matières premières' included a suppressed or null value (s, so, ns, or null).
2025-07-19 20:58:27,016 | INFO | Script: step_3_T3.py | File: 2014_REG_T3.csv | RowAggregationWarning: Sum across axis 'ARA' for group 'Quantités de gaz consommées pour la production d’électricité' included a suppressed or null value (s, so, ns, or null).
2025-07-19 20:58:27,016 | INFO | Script: step_3_T3.py | File: 2014_REG_T3.csv | RowAggregationWarning: Sum across axis 'BFC' for group 'Quantités de gaz consommées pour la production d’électricité' included a suppressed or null value (s, so, ns, or null).
2025-07-19 20:58:27,017 | INFO | Script: step_3_T3.py | File: 2014_REG_T3.csv | RowAggregationWarning: Sum across axis 'HDF' for group 'Quantités de gaz consommées pour la production d’électricité' included a suppressed or null value (s, so, ns, or null).
2025-07-19 20:58:27,019 | INFO | Script: step_3_T3.py | File: 2014_REG_T3.csv | RowAggregationWarning: Sum across axis 'OCC' for group 'Quantités de gaz consommées pour la production d’électricité' included a suppressed or null value (s, so, ns, or null).
2025-07-19 20:58:27,020 | INFO | Script: step_3_T3.py | File: 2014_REG_T3.csv | RowAggregationWarning: Sum across axis 'BFC' for group 'Quantités de gaz consommées pour le chauffage ou un autre usage' included a suppressed or null value (s, so, ns, or null).
2025-07-19 20:58:27,021 | INFO | Script: step_3_T3.py | File: 2014_REG_T3.csv | RowAggregationWarning: Sum across axis 'GRE' for group 'Quantités de gaz consommées pour le chauffage ou un autre usage' included a suppressed or null value (s, so, ns, or null).
2025-07-19 20:58:27,021 | INFO | Script: step_3_T3.py | File: 2014_REG_T3.csv | RowAggregationWarning: Sum across axis 'HDF' for group 'Quantités de gaz consommées pour le chauffage ou un autre usage' included a suppressed or null value (s, so, ns, or null).
2025-07-19 20:58:27,022 | INFO | Script: step_3_T3.py | File: 2014_REG_T3.csv | RowAggregationWarning: Sum across axis 'NOR' for group 'Quantités de gaz consommées pour le chauffage ou un autre usage' included a suppressed or null value (s, so, ns, or null).
2025-07-19 20:58:27,023 | INFO | Script: step_3_T3.py | File: 2014_REG_T3.csv | RowAggregationWarning: Sum across axis 'OCC' for group 'Quantités de gaz consommées pour le chauffage ou un autre usage' included a suppressed or null value (s, so, ns, or null).
2025-07-19 20:58:27,029 | INFO | Script: step_3_T3.py | File: 2014_REG_T3.csv | RowAggregationWarning: Sum across axis 'GRE' for group 'Quantités de fioul domestique consommées pour la fabrication' included a suppressed or null value (s, so, ns, or null).
2025-07-19 20:58:27,033 | INFO | Script: step_3_T3.py | File: 2014_REG_T3.csv | RowAggregationWarning: Sum across axis 'GRE' for group 'Quantités de fioul domestique consommées en tant que matières premières' included a suppressed or null value (s, so, ns, or null).
2025-07-19 20:58:27,034 | INFO | Script: step_3_T3.py | File: 2014_REG_T3.csv | RowAggregationWarning: Sum across axis 'NOA' for group 'Quantités de fioul domestique consommées en tant que matières premières' included a suppressed or null value (s, so, ns, or null).
2025-07-19 20:58:27,034 | INFO | Script: step_3_T3.py | File: 2014_REG_T3.csv | RowAggregationWarning: Sum across axis 'OCC' for group 'Quantités de fioul domestique consommées en tant que matières premières' included a suppressed or null value (s, so, ns, or null).
2025-07-19 20:58:27,037 | INFO | Script: step_3_T3.py | File: 2014_REG_T3.csv | RowAggregationWarning: Sum across axis 'GRE' for group 'Quantités de fioul domestique consommées pour la production d’électricité' included a suppressed or null value (s, so, ns, or null).
2025-07-19 20:58:27,038 | INFO | Script: step_3_T3.py | File: 2014_REG_T3.csv | RowAggregationWarning: Sum across axis 'NOA' for group 'Quantités de fioul domestique consommées pour la production d’électricité' included a suppressed or null value (s, so, ns, or null).
2025-07-19 20:58:27,038 | INFO | Script: step_3_T3.py | File: 2014_REG_T3.csv | RowAggregationWarning: Sum across axis 'OCC' for group 'Quantités de fioul domestique consommées pour la production d’électricité' included a suppressed or null value (s, so, ns, or null).
2025-07-19 20:58:27,073 | INFO | --- Processing file: 2014_TEFF_T3.csv ---
2025-07-19 20:58:27,111 | INFO | --- Processing file: 2015_NAF_T3.csv ---
2025-07-19 20:58:27,132 | INFO | Script: step_3_T3.py | File: 2015_NAF_T3.csv | RowAggregationWarning: Sum across axis 'C10T12' for group 'Quantités de gaz consommées en tant que matières premières' included a suppressed or null value (s, so, ns, or null).
2025-07-19 20:58:27,144 | INFO | Script: step_3_T3.py | File: 2015_NAF_T3.csv | RowAggregationWarning: Sum across axis 'C10T12' for group 'Quantités de gaz consommées pour le chauffage ou un autre usage' included a suppressed or null value (s, so, ns, or null).
2025-07-19 20:58:27,162 | INFO | Script: step_3_T3.py | File: 2015_NAF_T3.csv | RowAggregationWarning: Sum across axis 'B07T09' for group 'Quantités de fioul domestique consommées en tant que matières premières' included a suppressed or null value (s, so, ns, or null).
2025-07-19 20:58:27,162 | INFO | Script: step_3_T3.py | File: 2015_NAF_T3.csv | RowAggregationWarning: Sum across axis 'C10T12' for group 'Quantités de fioul domestique consommées en tant que matières premières' included a suppressed or null value (s, so, ns, or null).
2025-07-19 20:58:27,168 | INFO | Script: step_3_T3.py | File: 2015_NAF_T3.csv | RowAggregationWarning: Sum across axis 'C10T12' for group 'Quantités de fioul domestique consommées pour la production d’électricité' included a suppressed or null value (s, so, ns, or null).
2025-07-19 20:58:27,174 | INFO | Script: step_3_T3.py | File: 2015_NAF_T3.csv | RowAggregationWarning: Sum across axis 'B07T09' for group 'Quantités de fioul domestique consommées pour le chauffage ou un autre usage' included a suppressed or null value (s, so, ns, or null).
2025-07-19 20:58:27,174 | INFO | Script: step_3_T3.py | File: 2015_NAF_T3.csv | RowAggregationWarning: Sum across axis 'C10T12' for group 'Quantités de fioul domestique consommées pour le chauffage ou un autre usage' included a suppressed or null value (s, so, ns, or null).
2025-07-19 20:58:27,224 | INFO | --- Processing file: 2015_REG_T3.csv ---
2025-07-19 20:58:27,293 | INFO | --- Processing file: 2015_TEFF_T3.csv ---
2025-07-19 20:58:27,334 | INFO | --- Processing file: 2016_NAF_T3.csv ---
2025-07-19 20:58:27,380 | INFO | Script: step_3_T3.py | File: 2016_NAF_T3.csv | RowAggregationWarning: Sum across axis 'B07T09' for group 'Quantités de fioul domestique consommées pour la fabrication' included a suppressed or null value (s, so, ns, or null).
2025-07-19 20:58:27,386 | INFO | Script: step_3_T3.py | File: 2016_NAF_T3.csv | RowAggregationWarning: Sum across axis 'B07T09' for group 'Quantités de fioul domestique consommées en tant que matières premières' included a suppressed or null value (s, so, ns, or null).
2025-07-19 20:58:27,448 | INFO | --- Processing file: 2016_REG_T3.csv ---
2025-07-19 20:58:27,518 | INFO | --- Processing file: 2016_TEFF_T3.csv ---
2025-07-19 20:58:27,558 | INFO | --- Processing file: 2017_NAF_T3.csv ---
2025-07-19 20:58:27,573 | INFO | Script: step_3_T3.py | File: 2017_NAF_T3.csv | RowAggregationWarning: Sum across axis 'B07T09' for group 'Quantités de gaz consommées pour la fabrication' included a suppressed or null value (s, so, ns, or null).
2025-07-19 20:58:27,579 | INFO | Script: step_3_T3.py | File: 2017_NAF_T3.csv | RowAggregationWarning: Sum across axis 'B07T09' for group 'Quantités de gaz consommées en tant que matières premières' included a suppressed or null value (s, so, ns, or null).
2025-07-19 20:58:27,585 | INFO | Script: step_3_T3.py | File: 2017_NAF_T3.csv | RowAggregationWarning: Sum across axis 'B07T09' for group 'Quantités de gaz consommées pour la production d’électricité' included a suppressed or null value (s, so, ns, or null).
2025-07-19 20:58:27,590 | INFO | Script: step_3_T3.py | File: 2017_NAF_T3.csv | RowAggregationWarning: Sum across axis 'B07T09' for group 'Quantités de gaz consommées pour le chauffage ou un autre usage' included a suppressed or null value (s, so, ns, or null).
2025-07-19 20:58:27,603 | INFO | Script: step_3_T3.py | File: 2017_NAF_T3.csv | RowAggregationWarning: Sum across axis 'B07T09' for group 'Quantités de fioul domestique consommées pour la fabrication' included a suppressed or null value (s, so, ns, or null).
2025-07-19 20:58:27,609 | INFO | Script: step_3_T3.py | File: 2017_NAF_T3.csv | RowAggregationWarning: Sum across axis 'B07T09' for group 'Quantités de fioul domestique consommées en tant que matières premières' included a suppressed or null value (s, so, ns, or null).
2025-07-19 20:58:27,615 | INFO | Script: step_3_T3.py | File: 2017_NAF_T3.csv | RowAggregationWarning: Sum across axis 'B07T09' for group 'Quantités de fioul domestique consommées pour la production d’électricité' included a suppressed or null value (s, so, ns, or null).
2025-07-19 20:58:27,621 | INFO | Script: step_3_T3.py | File: 2017_NAF_T3.csv | RowAggregationWarning: Sum across axis 'B07T09' for group 'Quantités de fioul domestique consommées pour le chauffage ou un autre usage' included a suppressed or null value (s, so, ns, or null).
2025-07-19 20:58:27,672 | INFO | --- Processing file: 2017_REG_T3.csv ---
2025-07-19 20:58:27,743 | INFO | --- Processing file: 2017_TEFF_T3.csv ---
2025-07-19 20:58:27,783 | INFO | --- Processing file: 2018_NAF_T3.csv ---
2025-07-19 20:58:27,799 | INFO | Script: step_3_T3.py | File: 2018_NAF_T3.csv | RowAggregationWarning: Sum across axis 'C10T12' for group 'Quantités de gaz consommées pour la fabrication' included a suppressed or null value (s, so, ns, or null).
2025-07-19 20:58:27,805 | INFO | Script: step_3_T3.py | File: 2018_NAF_T3.csv | RowAggregationWarning: Sum across axis 'C10T12' for group 'Quantités de gaz consommées en tant que matières premières' included a suppressed or null value (s, so, ns, or null).
2025-07-19 20:58:27,811 | INFO | Script: step_3_T3.py | File: 2018_NAF_T3.csv | RowAggregationWarning: Sum across axis 'C10T12' for group 'Quantités de gaz consommées pour la production d’électricité' included a suppressed or null value (s, so, ns, or null).
2025-07-19 20:58:27,817 | INFO | Script: step_3_T3.py | File: 2018_NAF_T3.csv | RowAggregationWarning: Sum across axis 'C10T12' for group 'Quantités de gaz consommées pour le chauffage ou un autre usage' included a suppressed or null value (s, so, ns, or null).
2025-07-19 20:58:27,830 | INFO | Script: step_3_T3.py | File: 2018_NAF_T3.csv | RowAggregationWarning: Sum across axis 'B07T09' for group 'Quantités de fioul domestique consommées pour la fabrication' included a suppressed or null value (s, so, ns, or null).
2025-07-19 20:58:27,830 | INFO | Script: step_3_T3.py | File: 2018_NAF_T3.csv | RowAggregationWarning: Sum across axis 'C10T12' for group 'Quantités de fioul domestique consommées pour la fabrication' included a suppressed or null value (s, so, ns, or null).
2025-07-19 20:58:27,836 | INFO | Script: step_3_T3.py | File: 2018_NAF_T3.csv | RowAggregationWarning: Sum across axis 'C10T12' for group 'Quantités de fioul domestique consommées en tant que matières premières' included a suppressed or null value (s, so, ns, or null).
2025-07-19 20:58:27,842 | INFO | Script: step_3_T3.py | File: 2018_NAF_T3.csv | RowAggregationWarning: Sum across axis 'B07T09' for group 'Quantités de fioul domestique consommées pour la production d’électricité' included a suppressed or null value (s, so, ns, or null).
2025-07-19 20:58:27,842 | INFO | Script: step_3_T3.py | File: 2018_NAF_T3.csv | RowAggregationWarning: Sum across axis 'C10T12' for group 'Quantités de fioul domestique consommées pour la production d’électricité' included a suppressed or null value (s, so, ns, or null).
2025-07-19 20:58:27,848 | INFO | Script: step_3_T3.py | File: 2018_NAF_T3.csv | RowAggregationWarning: Sum across axis 'B07T09' for group 'Quantités de fioul domestique consommées pour le chauffage ou un autre usage' included a suppressed or null value (s, so, ns, or null).
2025-07-19 20:58:27,848 | INFO | Script: step_3_T3.py | File: 2018_NAF_T3.csv | RowAggregationWarning: Sum across axis 'C10T12' for group 'Quantités de fioul domestique consommées pour le chauffage ou un autre usage' included a suppressed or null value (s, so, ns, or null).
2025-07-19 20:58:27,899 | INFO | --- Processing file: 2018_REG_T3.csv ---
2025-07-19 20:58:27,969 | INFO | --- Processing file: 2018_TEFF_T3.csv ---
2025-07-19 20:58:28,008 | INFO | --- Processing file: 2019_NAF_T3.csv ---
2025-07-19 20:58:28,063 | INFO | Script: step_3_T3.py | File: 2019_NAF_T3.csv | RowAggregationWarning: Sum across axis 'C10T12' for group 'Quantités de fioul domestique consommées en tant que matières premières' included a suppressed or null value (s, so, ns, or null).
2025-07-19 20:58:28,069 | INFO | Script: step_3_T3.py | File: 2019_NAF_T3.csv | RowAggregationWarning: Sum across axis 'C10T12' for group 'Quantités de fioul domestique consommées pour la production d’électricité' included a suppressed or null value (s, so, ns, or null).
2025-07-19 20:58:28,132 | INFO | --- Processing file: 2019_REG_T3.csv ---
2025-07-19 20:58:28,209 | INFO | --- Processing file: 2019_TEFF_T3.csv ---
2025-07-19 20:58:28,253 | INFO | --- Processing file: 2020_NAF_T3.csv ---
2025-07-19 20:58:28,407 | INFO | --- Processing file: 2020_REG_T3.csv ---
2025-07-19 20:58:28,481 | INFO | --- Processing file: 2020_TEFF_T3.csv ---
2025-07-19 20:58:28,519 | INFO | --- Processing file: 2021_NAF_T3.csv ---
2025-07-19 20:58:28,651 | INFO | --- Processing file: 2021_REG_T3.csv ---
2025-07-19 20:58:28,731 | INFO | --- Processing file: 2021_TEFF_T3.csv ---
2025-07-19 20:58:28,769 | INFO | --- Processing file: 2022_NAF_T3.csv ---
2025-07-19 20:58:28,900 | INFO | --- Processing file: 2022_REG_T3.csv ---
2025-07-19 20:58:28,979 | INFO | --- Processing file: 2022_TEFF_T3.csv ---
2025-07-19 20:58:29,021 | INFO | --- Processing file: 2023_NAF_T3.csv ---
2025-07-19 20:58:29,147 | INFO | --- Processing file: 2023_REG_T3.csv ---
2025-07-19 20:58:29,228 | INFO | --- Processing file: 2023_TEFF_T3.csv ---
