2025-07-19 21:38:55,613 | INFO | --- Processing file: 2010_NAF_T4.csv ---
2025-07-19 21:38:55,637 | INFO | Script: step_3_T4.py | File: 2010_NAF_T4.csv | RowAggregationWarning: Sum across axis 'B07T09' for group 'Électricité produite d’origine thermique' included a suppressed or null value (s, so, ns, or null).
2025-07-19 21:38:55,642 | INFO | Script: step_3_T4.py | File: 2010_NAF_T4.csv | RowAggregationWarning: Sum across axis 'B07T09' for group 'Production d’électricité d’origine non thermique' included a suppressed or null value (s, so, ns, or null).
2025-07-19 21:38:55,649 | INFO | Script: step_3_T4.py | File: 2010_NAF_T4.csv | RowAggregationWarning: Sum across axis 'B07T09' for group 'Électricité autoproduite' included a suppressed or null value (s, so, ns, or null).
2025-07-19 21:38:55,654 | INFO | Script: step_3_T4.py | File: 2010_NAF_T4.csv | RowAggregationWarning: Sum across axis 'B07T09' for group 'Électricité produite et vendue' included a suppressed or null value (s, so, ns, or null).
2025-07-19 21:38:55,663 | INFO | Script: step_3_T4.py | File: 2010_NAF_T4.csv | RowAggregationWarning: Sum across axis 'B07T09' for group 'Quantité d’électricité produite et consommée' included a suppressed or null value (s, so, ns, or null).
2025-07-19 21:38:55,672 | INFO | Script: step_3_T4.py | File: 2010_NAF_T4.csv | RowAggregationWarning: Sum across axis 'B07T09' for group 'Électricité achetée' included a suppressed or null value (s, so, ns, or null).
2025-07-19 21:38:55,720 | INFO | --- Processing file: 2010_REG_T4.csv ---
2025-07-19 21:38:55,729 | INFO | Script: step_3_T4.py | File: 2010_REG_T4.csv | ManualColumnSumWarning: Sum across axis 'columns' for group 'BFC' included a suppressed or null value (s, so, ns, or null).
2025-07-19 21:38:55,729 | INFO | Script: step_3_T4.py | File: 2010_REG_T4.csv | ManualColumnSumWarning: Sum across axis 'columns' for group 'HDF' included a suppressed or null value (s, so, ns, or null).
2025-07-19 21:38:55,730 | INFO | Script: step_3_T4.py | File: 2010_REG_T4.csv | ManualColumnSumWarning: Sum across axis 'columns' for group 'GRE' included a suppressed or null value (s, so, ns, or null).
2025-07-19 21:38:55,732 | INFO | Script: step_3_T4.py | File: 2010_REG_T4.csv | ManualColumnSumWarning: Sum across axis 'columns' for group 'NOA' included a suppressed or null value (s, so, ns, or null).
2025-07-19 21:38:55,733 | INFO | Script: step_3_T4.py | File: 2010_REG_T4.csv | ManualColumnSumWarning: Sum across axis 'columns' for group 'ARA' included a suppressed or null value (s, so, ns, or null).
2025-07-19 21:38:55,734 | INFO | Script: step_3_T4.py | File: 2010_REG_T4.csv | ManualColumnSumWarning: Sum across axis 'columns' for group 'PAC' included a suppressed or null value (s, so, ns, or null).
2025-07-19 21:38:55,739 | INFO | Script: step_3_T4.py | File: 2010_REG_T4.csv | RowAggregationWarning: Sum across axis 'ARA' for group 'Électricité produite d’origine thermique' included a suppressed or null value (s, so, ns, or null).
2025-07-19 21:38:55,739 | INFO | Script: step_3_T4.py | File: 2010_REG_T4.csv | RowAggregationWarning: Sum across axis 'BFC' for group 'Électricité produite d’origine thermique' included a suppressed or null value (s, so, ns, or null).
2025-07-19 21:38:55,741 | INFO | Script: step_3_T4.py | File: 2010_REG_T4.csv | RowAggregationWarning: Sum across axis 'HDF' for group 'Électricité produite d’origine thermique' included a suppressed or null value (s, so, ns, or null).
2025-07-19 21:38:55,742 | INFO | Script: step_3_T4.py | File: 2010_REG_T4.csv | RowAggregationWarning: Sum across axis 'NOA' for group 'Électricité produite d’origine thermique' included a suppressed or null value (s, so, ns, or null).
2025-07-19 21:38:55,742 | INFO | Script: step_3_T4.py | File: 2010_REG_T4.csv | RowAggregationWarning: Sum across axis 'OCC' for group 'Électricité produite d’origine thermique' included a suppressed or null value (s, so, ns, or null).
2025-07-19 21:38:55,745 | INFO | Script: step_3_T4.py | File: 2010_REG_T4.csv | RowAggregationWarning: Sum across axis 'GRE' for group 'Production d’électricité d’origine non thermique' included a suppressed or null value (s, so, ns, or null).
2025-07-19 21:38:55,747 | INFO | Script: step_3_T4.py | File: 2010_REG_T4.csv | RowAggregationWarning: Sum across axis 'OCC' for group 'Production d’électricité d’origine non thermique' included a suppressed or null value (s, so, ns, or null).
2025-07-19 21:38:55,748 | INFO | Script: step_3_T4.py | File: 2010_REG_T4.csv | RowAggregationWarning: Sum across axis 'ARA' for group 'Électricité autoproduite' included a suppressed or null value (s, so, ns, or null).
2025-07-19 21:38:55,748 | INFO | Script: step_3_T4.py | File: 2010_REG_T4.csv | RowAggregationWarning: Sum across axis 'BFC' for group 'Électricité autoproduite' included a suppressed or null value (s, so, ns, or null).
2025-07-19 21:38:55,750 | INFO | Script: step_3_T4.py | File: 2010_REG_T4.csv | RowAggregationWarning: Sum across axis 'HDF' for group 'Électricité autoproduite' included a suppressed or null value (s, so, ns, or null).
2025-07-19 21:38:55,750 | INFO | Script: step_3_T4.py | File: 2010_REG_T4.csv | RowAggregationWarning: Sum across axis 'NOA' for group 'Électricité autoproduite' included a suppressed or null value (s, so, ns, or null).
2025-07-19 21:38:55,751 | INFO | Script: step_3_T4.py | File: 2010_REG_T4.csv | RowAggregationWarning: Sum across axis 'OCC' for group 'Électricité autoproduite' included a suppressed or null value (s, so, ns, or null).
2025-07-19 21:38:55,752 | INFO | Script: step_3_T4.py | File: 2010_REG_T4.csv | RowAggregationWarning: Sum across axis 'ARA' for group 'Électricité produite et vendue' included a suppressed or null value (s, so, ns, or null).
2025-07-19 21:38:55,754 | INFO | Script: step_3_T4.py | File: 2010_REG_T4.csv | RowAggregationWarning: Sum across axis 'GRE' for group 'Électricité produite et vendue' included a suppressed or null value (s, so, ns, or null).
2025-07-19 21:38:55,754 | INFO | Script: step_3_T4.py | File: 2010_REG_T4.csv | RowAggregationWarning: Sum across axis 'NOA' for group 'Électricité produite et vendue' included a suppressed or null value (s, so, ns, or null).
2025-07-19 21:38:55,755 | INFO | Script: step_3_T4.py | File: 2010_REG_T4.csv | RowAggregationWarning: Sum across axis 'NOR' for group 'Électricité produite et vendue' included a suppressed or null value (s, so, ns, or null).
2025-07-19 21:38:55,755 | INFO | Script: step_3_T4.py | File: 2010_REG_T4.csv | RowAggregationWarning: Sum across axis 'OCC' for group 'Électricité produite et vendue' included a suppressed or null value (s, so, ns, or null).
2025-07-19 21:38:55,756 | INFO | Script: step_3_T4.py | File: 2010_REG_T4.csv | RowAggregationWarning: Sum across axis 'ARA' for group 'Quantité d’électricité produite et consommée' included a suppressed or null value (s, so, ns, or null).
2025-07-19 21:38:55,757 | INFO | Script: step_3_T4.py | File: 2010_REG_T4.csv | RowAggregationWarning: Sum across axis 'BFC' for group 'Quantité d’électricité produite et consommée' included a suppressed or null value (s, so, ns, or null).
2025-07-19 21:38:55,758 | INFO | Script: step_3_T4.py | File: 2010_REG_T4.csv | RowAggregationWarning: Sum across axis 'HDF' for group 'Quantité d’électricité produite et consommée' included a suppressed or null value (s, so, ns, or null).
2025-07-19 21:38:55,759 | INFO | Script: step_3_T4.py | File: 2010_REG_T4.csv | RowAggregationWarning: Sum across axis 'NOA' for group 'Quantité d’électricité produite et consommée' included a suppressed or null value (s, so, ns, or null).
2025-07-19 21:38:55,759 | INFO | Script: step_3_T4.py | File: 2010_REG_T4.csv | RowAggregationWarning: Sum across axis 'NOR' for group 'Quantité d’électricité produite et consommée' included a suppressed or null value (s, so, ns, or null).
2025-07-19 21:38:55,760 | INFO | Script: step_3_T4.py | File: 2010_REG_T4.csv | RowAggregationWarning: Sum across axis 'OCC' for group 'Quantité d’électricité produite et consommée' included a suppressed or null value (s, so, ns, or null).
2025-07-19 21:38:55,761 | INFO | Script: step_3_T4.py | File: 2010_REG_T4.csv | RowAggregationWarning: Sum across axis 'ARA' for group 'Électricité achetée' included a suppressed or null value (s, so, ns, or null).
2025-07-19 21:38:55,761 | INFO | Script: step_3_T4.py | File: 2010_REG_T4.csv | RowAggregationWarning: Sum across axis 'BFC' for group 'Électricité achetée' included a suppressed or null value (s, so, ns, or null).
2025-07-19 21:38:55,763 | INFO | Script: step_3_T4.py | File: 2010_REG_T4.csv | RowAggregationWarning: Sum across axis 'HDF' for group 'Électricité achetée' included a suppressed or null value (s, so, ns, or null).
2025-07-19 21:38:55,763 | INFO | Script: step_3_T4.py | File: 2010_REG_T4.csv | RowAggregationWarning: Sum across axis 'NOA' for group 'Électricité achetée' included a suppressed or null value (s, so, ns, or null).
2025-07-19 21:38:55,764 | INFO | Script: step_3_T4.py | File: 2010_REG_T4.csv | RowAggregationWarning: Sum across axis 'NOR' for group 'Électricité achetée' included a suppressed or null value (s, so, ns, or null).
2025-07-19 21:38:55,764 | INFO | Script: step_3_T4.py | File: 2010_REG_T4.csv | RowAggregationWarning: Sum across axis 'OCC' for group 'Électricité achetée' included a suppressed or null value (s, so, ns, or null).
2025-07-19 21:38:55,789 | INFO | --- Processing file: 2010_TEFF_T4.csv ---
2025-07-19 21:38:55,794 | INFO | Script: step_3_T4.py | File: 2010_TEFF_T4.csv | ManualColumnSumWarning: Sum across axis 'columns' for group '20-49' included a suppressed or null value (s, so, ns, or null).
2025-07-19 21:38:55,805 | INFO | Script: step_3_T4.py | File: 2010_TEFF_T4.csv | RowAggregationWarning: Sum across axis '500+' for group 'Électricité produite d’origine thermique' included a suppressed or null value (s, so, ns, or null).
2025-07-19 21:38:55,807 | INFO | Script: step_3_T4.py | File: 2010_TEFF_T4.csv | RowAggregationWarning: Sum across axis '500+' for group 'Production d’électricité d’origine non thermique' included a suppressed or null value (s, so, ns, or null).
2025-07-19 21:38:55,810 | INFO | Script: step_3_T4.py | File: 2010_TEFF_T4.csv | RowAggregationWarning: Sum across axis '500+' for group 'Électricité autoproduite' included a suppressed or null value (s, so, ns, or null).
2025-07-19 21:38:55,813 | INFO | Script: step_3_T4.py | File: 2010_TEFF_T4.csv | RowAggregationWarning: Sum across axis '500+' for group 'Électricité produite et vendue' included a suppressed or null value (s, so, ns, or null).
2025-07-19 21:38:55,830 | INFO | --- Processing file: 2011_NAF_T4.csv ---
2025-07-19 21:38:55,835 | INFO | Script: step_3_T4.py | File: 2011_NAF_T4.csv | ManualColumnSumWarning: Sum across axis 'columns' for group 'B07T09' included a suppressed or null value (s, so, ns, or null).
2025-07-19 21:38:55,837 | INFO | Script: step_3_T4.py | File: 2011_NAF_T4.csv | ManualColumnSumWarning: Sum across axis 'columns' for group '14' included a suppressed or null value (s, so, ns, or null).
2025-07-19 21:38:55,837 | INFO | Script: step_3_T4.py | File: 2011_NAF_T4.csv | ManualColumnSumWarning: Sum across axis 'columns' for group '15' included a suppressed or null value (s, so, ns, or null).
2025-07-19 21:38:55,838 | INFO | Script: step_3_T4.py | File: 2011_NAF_T4.csv | ManualColumnSumWarning: Sum across axis 'columns' for group '16' included a suppressed or null value (s, so, ns, or null).
2025-07-19 21:38:55,838 | INFO | Script: step_3_T4.py | File: 2011_NAF_T4.csv | ManualColumnSumWarning: Sum across axis 'columns' for group '17' included a suppressed or null value (s, so, ns, or null).
2025-07-19 21:38:55,839 | INFO | Script: step_3_T4.py | File: 2011_NAF_T4.csv | ManualColumnSumWarning: Sum across axis 'columns' for group '21' included a suppressed or null value (s, so, ns, or null).
2025-07-19 21:38:55,840 | INFO | Script: step_3_T4.py | File: 2011_NAF_T4.csv | ManualColumnSumWarning: Sum across axis 'columns' for group '24' included a suppressed or null value (s, so, ns, or null).
2025-07-19 21:38:55,841 | INFO | Script: step_3_T4.py | File: 2011_NAF_T4.csv | ManualColumnSumWarning: Sum across axis 'columns' for group '26' included a suppressed or null value (s, so, ns, or null).
2025-07-19 21:38:55,841 | INFO | Script: step_3_T4.py | File: 2011_NAF_T4.csv | ManualColumnSumWarning: Sum across axis 'columns' for group '28' included a suppressed or null value (s, so, ns, or null).
2025-07-19 21:38:55,842 | INFO | Script: step_3_T4.py | File: 2011_NAF_T4.csv | ManualColumnSumWarning: Sum across axis 'columns' for group '29' included a suppressed or null value (s, so, ns, or null).
2025-07-19 21:38:55,842 | INFO | Script: step_3_T4.py | File: 2011_NAF_T4.csv | ManualColumnSumWarning: Sum across axis 'columns' for group '30' included a suppressed or null value (s, so, ns, or null).
2025-07-19 21:38:55,843 | INFO | Script: step_3_T4.py | File: 2011_NAF_T4.csv | ManualColumnSumWarning: Sum across axis 'columns' for group '32' included a suppressed or null value (s, so, ns, or null).
2025-07-19 21:38:55,843 | INFO | Script: step_3_T4.py | File: 2011_NAF_T4.csv | ManualColumnSumWarning: Sum across axis 'columns' for group '33' included a suppressed or null value (s, so, ns, or null).
2025-07-19 21:38:55,860 | INFO | Script: step_3_T4.py | File: 2011_NAF_T4.csv | RowAggregationWarning: Sum across axis 'B07T09' for group 'Production d’électricité d’origine non thermique' included a suppressed or null value (s, so, ns, or null).
2025-07-19 21:38:55,870 | INFO | Script: step_3_T4.py | File: 2011_NAF_T4.csv | RowAggregationWarning: Sum across axis 'B07T09' for group 'Électricité produite et vendue' included a suppressed or null value (s, so, ns, or null).
2025-07-19 21:38:55,915 | INFO | --- Processing file: 2011_REG_T4.csv ---
2025-07-19 21:38:55,920 | INFO | Script: step_3_T4.py | File: 2011_REG_T4.csv | ManualColumnSumWarning: Sum across axis 'columns' for group 'IDF' included a suppressed or null value (s, so, ns, or null).
2025-07-19 21:38:55,920 | INFO | Script: step_3_T4.py | File: 2011_REG_T4.csv | ManualColumnSumWarning: Sum across axis 'columns' for group 'HDF' included a suppressed or null value (s, so, ns, or null).
2025-07-19 21:38:55,921 | INFO | Script: step_3_T4.py | File: 2011_REG_T4.csv | ManualColumnSumWarning: Sum across axis 'columns' for group 'CVL' included a suppressed or null value (s, so, ns, or null).
2025-07-19 21:38:55,922 | INFO | Script: step_3_T4.py | File: 2011_REG_T4.csv | ManualColumnSumWarning: Sum across axis 'columns' for group 'BFC' included a suppressed or null value (s, so, ns, or null).
2025-07-19 21:38:55,922 | INFO | Script: step_3_T4.py | File: 2011_REG_T4.csv | ManualColumnSumWarning: Sum across axis 'columns' for group 'HDF' included a suppressed or null value (s, so, ns, or null).
2025-07-19 21:38:55,923 | INFO | Script: step_3_T4.py | File: 2011_REG_T4.csv | ManualColumnSumWarning: Sum across axis 'columns' for group 'GRE' included a suppressed or null value (s, so, ns, or null).
2025-07-19 21:38:55,923 | INFO | Script: step_3_T4.py | File: 2011_REG_T4.csv | ManualColumnSumWarning: Sum across axis 'columns' for group 'PAL' included a suppressed or null value (s, so, ns, or null).
2025-07-19 21:38:55,926 | INFO | Script: step_3_T4.py | File: 2011_REG_T4.csv | ManualColumnSumWarning: Sum across axis 'columns' for group 'ARA' included a suppressed or null value (s, so, ns, or null).
2025-07-19 21:38:55,931 | INFO | Script: step_3_T4.py | File: 2011_REG_T4.csv | RowAggregationWarning: Sum across axis 'ARA' for group 'Électricité produite d’origine thermique' included a suppressed or null value (s, so, ns, or null).
2025-07-19 21:38:55,931 | INFO | Script: step_3_T4.py | File: 2011_REG_T4.csv | RowAggregationWarning: Sum across axis 'BFC' for group 'Électricité produite d’origine thermique' included a suppressed or null value (s, so, ns, or null).
2025-07-19 21:38:55,933 | INFO | Script: step_3_T4.py | File: 2011_REG_T4.csv | RowAggregationWarning: Sum across axis 'HDF' for group 'Électricité produite d’origine thermique' included a suppressed or null value (s, so, ns, or null).
2025-07-19 21:38:55,934 | INFO | Script: step_3_T4.py | File: 2011_REG_T4.csv | RowAggregationWarning: Sum across axis 'OCC' for group 'Électricité produite d’origine thermique' included a suppressed or null value (s, so, ns, or null).
2025-07-19 21:38:55,937 | INFO | Script: step_3_T4.py | File: 2011_REG_T4.csv | RowAggregationWarning: Sum across axis 'GRE' for group 'Production d’électricité d’origine non thermique' included a suppressed or null value (s, so, ns, or null).
2025-07-19 21:38:55,937 | INFO | Script: step_3_T4.py | File: 2011_REG_T4.csv | RowAggregationWarning: Sum across axis 'HDF' for group 'Production d’électricité d’origine non thermique' included a suppressed or null value (s, so, ns, or null).
2025-07-19 21:38:55,938 | INFO | Script: step_3_T4.py | File: 2011_REG_T4.csv | RowAggregationWarning: Sum across axis 'OCC' for group 'Production d’électricité d’origine non thermique' included a suppressed or null value (s, so, ns, or null).
2025-07-19 21:38:55,940 | INFO | Script: step_3_T4.py | File: 2011_REG_T4.csv | RowAggregationWarning: Sum across axis 'BFC' for group 'Électricité autoproduite' included a suppressed or null value (s, so, ns, or null).
2025-07-19 21:38:55,943 | INFO | Script: step_3_T4.py | File: 2011_REG_T4.csv | RowAggregationWarning: Sum across axis 'OCC' for group 'Électricité autoproduite' included a suppressed or null value (s, so, ns, or null).
2025-07-19 21:38:55,944 | INFO | Script: step_3_T4.py | File: 2011_REG_T4.csv | RowAggregationWarning: Sum across axis 'ARA' for group 'Électricité produite et vendue' included a suppressed or null value (s, so, ns, or null).
2025-07-19 21:38:55,945 | INFO | Script: step_3_T4.py | File: 2011_REG_T4.csv | RowAggregationWarning: Sum across axis 'BFC' for group 'Électricité produite et vendue' included a suppressed or null value (s, so, ns, or null).
2025-07-19 21:38:55,946 | INFO | Script: step_3_T4.py | File: 2011_REG_T4.csv | RowAggregationWarning: Sum across axis 'HDF' for group 'Électricité produite et vendue' included a suppressed or null value (s, so, ns, or null).
2025-07-19 21:38:55,947 | INFO | Script: step_3_T4.py | File: 2011_REG_T4.csv | RowAggregationWarning: Sum across axis 'NOA' for group 'Électricité produite et vendue' included a suppressed or null value (s, so, ns, or null).
2025-07-19 21:38:55,949 | INFO | Script: step_3_T4.py | File: 2011_REG_T4.csv | RowAggregationWarning: Sum across axis 'BFC' for group 'Quantité d’électricité produite et consommée' included a suppressed or null value (s, so, ns, or null).
2025-07-19 21:38:55,950 | INFO | Script: step_3_T4.py | File: 2011_REG_T4.csv | RowAggregationWarning: Sum across axis 'HDF' for group 'Quantité d’électricité produite et consommée' included a suppressed or null value (s, so, ns, or null).
2025-07-19 21:38:55,951 | INFO | Script: step_3_T4.py | File: 2011_REG_T4.csv | RowAggregationWarning: Sum across axis 'NOA' for group 'Quantité d’électricité produite et consommée' included a suppressed or null value (s, so, ns, or null).
2025-07-19 21:38:55,951 | INFO | Script: step_3_T4.py | File: 2011_REG_T4.csv | RowAggregationWarning: Sum across axis 'OCC' for group 'Quantité d’électricité produite et consommée' included a suppressed or null value (s, so, ns, or null).
2025-07-19 21:38:55,955 | INFO | Script: step_3_T4.py | File: 2011_REG_T4.csv | RowAggregationWarning: Sum across axis 'BFC' for group 'Consommation d’électricité' included a suppressed or null value (s, so, ns, or null).
2025-07-19 21:38:55,956 | INFO | Script: step_3_T4.py | File: 2011_REG_T4.csv | RowAggregationWarning: Sum across axis 'HDF' for group 'Consommation d’électricité' included a suppressed or null value (s, so, ns, or null).
2025-07-19 21:38:55,957 | INFO | Script: step_3_T4.py | File: 2011_REG_T4.csv | RowAggregationWarning: Sum across axis 'NOA' for group 'Consommation d’électricité' included a suppressed or null value (s, so, ns, or null).
2025-07-19 21:38:55,958 | INFO | Script: step_3_T4.py | File: 2011_REG_T4.csv | RowAggregationWarning: Sum across axis 'OCC' for group 'Consommation d’électricité' included a suppressed or null value (s, so, ns, or null).
2025-07-19 21:38:55,977 | INFO | --- Processing file: 2011_TEFF_T4.csv ---
2025-07-19 21:38:55,981 | INFO | Script: step_3_T4.py | File: 2011_TEFF_T4.csv | ManualColumnSumWarning: Sum across axis 'columns' for group '20-49' included a suppressed or null value (s, so, ns, or null).
2025-07-19 21:38:55,982 | INFO | Script: step_3_T4.py | File: 2011_TEFF_T4.csv | ManualColumnSumWarning: Sum across axis 'columns' for group '500+' included a suppressed or null value (s, so, ns, or null).
2025-07-19 21:38:55,990 | INFO | Script: step_3_T4.py | File: 2011_TEFF_T4.csv | RowAggregationWarning: Sum across axis '500+' for group 'Production d’électricité d’origine non thermique' included a suppressed or null value (s, so, ns, or null).
2025-07-19 21:38:55,994 | INFO | Script: step_3_T4.py | File: 2011_TEFF_T4.csv | RowAggregationWarning: Sum across axis '500+' for group 'Électricité produite et vendue' included a suppressed or null value (s, so, ns, or null).
2025-07-19 21:38:56,009 | INFO | --- Processing file: 2012_NAF_T4.csv ---
2025-07-19 21:38:56,013 | INFO | Script: step_3_T4.py | File: 2012_NAF_T4.csv | ManualColumnSumWarning: Sum across axis 'columns' for group 'B07T09' included a suppressed or null value (s, so, ns, or null).
2025-07-19 21:38:56,014 | INFO | Script: step_3_T4.py | File: 2012_NAF_T4.csv | ManualColumnSumWarning: Sum across axis 'columns' for group 'B07T09' included a suppressed or null value (s, so, ns, or null).
2025-07-19 21:38:56,014 | INFO | Script: step_3_T4.py | File: 2012_NAF_T4.csv | ManualColumnSumWarning: Sum across axis 'columns' for group 'C10T12' included a suppressed or null value (s, so, ns, or null).
2025-07-19 21:38:56,015 | INFO | Script: step_3_T4.py | File: 2012_NAF_T4.csv | ManualColumnSumWarning: Sum across axis 'columns' for group 'C10T12' included a suppressed or null value (s, so, ns, or null).
2025-07-19 21:38:56,016 | INFO | Script: step_3_T4.py | File: 2012_NAF_T4.csv | ManualColumnSumWarning: Sum across axis 'columns' for group '14' included a suppressed or null value (s, so, ns, or null).
2025-07-19 21:38:56,016 | INFO | Script: step_3_T4.py | File: 2012_NAF_T4.csv | ManualColumnSumWarning: Sum across axis 'columns' for group '16' included a suppressed or null value (s, so, ns, or null).
2025-07-19 21:38:56,017 | INFO | Script: step_3_T4.py | File: 2012_NAF_T4.csv | ManualColumnSumWarning: Sum across axis 'columns' for group '17' included a suppressed or null value (s, so, ns, or null).
2025-07-19 21:38:56,017 | INFO | Script: step_3_T4.py | File: 2012_NAF_T4.csv | ManualColumnSumWarning: Sum across axis 'columns' for group '18' included a suppressed or null value (s, so, ns, or null).
2025-07-19 21:38:56,018 | INFO | Script: step_3_T4.py | File: 2012_NAF_T4.csv | ManualColumnSumWarning: Sum across axis 'columns' for group '21' included a suppressed or null value (s, so, ns, or null).
2025-07-19 21:38:56,018 | INFO | Script: step_3_T4.py | File: 2012_NAF_T4.csv | ManualColumnSumWarning: Sum across axis 'columns' for group '23' included a suppressed or null value (s, so, ns, or null).
2025-07-19 21:38:56,019 | INFO | Script: step_3_T4.py | File: 2012_NAF_T4.csv | ManualColumnSumWarning: Sum across axis 'columns' for group '24' included a suppressed or null value (s, so, ns, or null).
2025-07-19 21:38:56,020 | INFO | Script: step_3_T4.py | File: 2012_NAF_T4.csv | ManualColumnSumWarning: Sum across axis 'columns' for group '29' included a suppressed or null value (s, so, ns, or null).
2025-07-19 21:38:56,021 | INFO | Script: step_3_T4.py | File: 2012_NAF_T4.csv | ManualColumnSumWarning: Sum across axis 'columns' for group '30' included a suppressed or null value (s, so, ns, or null).
2025-07-19 21:38:56,022 | INFO | Script: step_3_T4.py | File: 2012_NAF_T4.csv | ManualColumnSumWarning: Sum across axis 'columns' for group '32' included a suppressed or null value (s, so, ns, or null).
2025-07-19 21:38:56,022 | INFO | Script: step_3_T4.py | File: 2012_NAF_T4.csv | ManualColumnSumWarning: Sum across axis 'columns' for group '33' included a suppressed or null value (s, so, ns, or null).
2025-07-19 21:38:56,032 | INFO | Script: step_3_T4.py | File: 2012_NAF_T4.csv | RowAggregationWarning: Sum across axis 'B07T09' for group 'Électricité produite d’origine thermique' included a suppressed or null value (s, so, ns, or null).
2025-07-19 21:38:56,032 | INFO | Script: step_3_T4.py | File: 2012_NAF_T4.csv | RowAggregationWarning: Sum across axis 'C10T12' for group 'Électricité produite d’origine thermique' included a suppressed or null value (s, so, ns, or null).
2025-07-19 21:38:56,038 | INFO | Script: step_3_T4.py | File: 2012_NAF_T4.csv | RowAggregationWarning: Sum across axis 'B07T09' for group 'Production d’électricité d’origine non thermique' included a suppressed or null value (s, so, ns, or null).
2025-07-19 21:38:56,038 | INFO | Script: step_3_T4.py | File: 2012_NAF_T4.csv | RowAggregationWarning: Sum across axis 'C10T12' for group 'Production d’électricité d’origine non thermique' included a suppressed or null value (s, so, ns, or null).
2025-07-19 21:38:56,050 | INFO | Script: step_3_T4.py | File: 2012_NAF_T4.csv | RowAggregationWarning: Sum across axis 'B07T09' for group 'Électricité produite et vendue' included a suppressed or null value (s, so, ns, or null).
2025-07-19 21:38:56,051 | INFO | Script: step_3_T4.py | File: 2012_NAF_T4.csv | RowAggregationWarning: Sum across axis 'C10T12' for group 'Électricité produite et vendue' included a suppressed or null value (s, so, ns, or null).
2025-07-19 21:38:56,056 | INFO | Script: step_3_T4.py | File: 2012_NAF_T4.csv | RowAggregationWarning: Sum across axis 'B07T09' for group 'Quantité d’électricité produite et consommée' included a suppressed or null value (s, so, ns, or null).
2025-07-19 21:38:56,057 | INFO | Script: step_3_T4.py | File: 2012_NAF_T4.csv | RowAggregationWarning: Sum across axis 'C10T12' for group 'Quantité d’électricité produite et consommée' included a suppressed or null value (s, so, ns, or null).
2025-07-19 21:38:56,062 | INFO | Script: step_3_T4.py | File: 2012_NAF_T4.csv | RowAggregationWarning: Sum across axis 'B07T09' for group 'Électricité achetée' included a suppressed or null value (s, so, ns, or null).
2025-07-19 21:38:56,063 | INFO | Script: step_3_T4.py | File: 2012_NAF_T4.csv | RowAggregationWarning: Sum across axis 'C10T12' for group 'Électricité achetée' included a suppressed or null value (s, so, ns, or null).
2025-07-19 21:38:56,072 | INFO | Script: step_3_T4.py | File: 2012_NAF_T4.csv | RowAggregationWarning: Sum across axis 'B07T09' for group 'Électricité : usage force motrice' included a suppressed or null value (s, so, ns, or null).
2025-07-19 21:38:56,073 | INFO | Script: step_3_T4.py | File: 2012_NAF_T4.csv | RowAggregationWarning: Sum across axis 'C10T12' for group 'Électricité : usage force motrice' included a suppressed or null value (s, so, ns, or null).
2025-07-19 21:38:56,082 | INFO | Script: step_3_T4.py | File: 2012_NAF_T4.csv | RowAggregationWarning: Sum across axis 'C10T12' for group 'Électricité : usage électrolyse' included a suppressed or null value (s, so, ns, or null).
2025-07-19 21:38:56,088 | INFO | Script: step_3_T4.py | File: 2012_NAF_T4.csv | RowAggregationWarning: Sum across axis 'B07T09' for group 'Électricité : usage chauffage des locaux et autres' included a suppressed or null value (s, so, ns, or null).
2025-07-19 21:38:56,088 | INFO | Script: step_3_T4.py | File: 2012_NAF_T4.csv | RowAggregationWarning: Sum across axis 'C10T12' for group 'Électricité : usage chauffage des locaux et autres' included a suppressed or null value (s, so, ns, or null).
2025-07-19 21:38:56,103 | INFO | --- Processing file: 2012_REG_T4.csv ---
2025-07-19 21:38:56,107 | INFO | Script: step_3_T4.py | File: 2012_REG_T4.csv | ManualColumnSumWarning: Sum across axis 'columns' for group 'NOR' included a suppressed or null value (s, so, ns, or null).
2025-07-19 21:38:56,108 | INFO | Script: step_3_T4.py | File: 2012_REG_T4.csv | ManualColumnSumWarning: Sum across axis 'columns' for group 'NOR' included a suppressed or null value (s, so, ns, or null).
2025-07-19 21:38:56,108 | INFO | Script: step_3_T4.py | File: 2012_REG_T4.csv | ManualColumnSumWarning: Sum across axis 'columns' for group 'HDF' included a suppressed or null value (s, so, ns, or null).
2025-07-19 21:38:56,109 | INFO | Script: step_3_T4.py | File: 2012_REG_T4.csv | ManualColumnSumWarning: Sum across axis 'columns' for group 'GRE' included a suppressed or null value (s, so, ns, or null).
2025-07-19 21:38:56,109 | INFO | Script: step_3_T4.py | File: 2012_REG_T4.csv | ManualColumnSumWarning: Sum across axis 'columns' for group 'GRE' included a suppressed or null value (s, so, ns, or null).
2025-07-19 21:38:56,112 | INFO | Script: step_3_T4.py | File: 2012_REG_T4.csv | ManualColumnSumWarning: Sum across axis 'columns' for group 'OCC' included a suppressed or null value (s, so, ns, or null).
2025-07-19 21:38:56,113 | INFO | Script: step_3_T4.py | File: 2012_REG_T4.csv | ManualColumnSumWarning: Sum across axis 'columns' for group 'PAC' included a suppressed or null value (s, so, ns, or null).
2025-07-19 21:38:56,117 | INFO | Script: step_3_T4.py | File: 2012_REG_T4.csv | RowAggregationWarning: Sum across axis 'ARA' for group 'Électricité produite d’origine thermique' included a suppressed or null value (s, so, ns, or null).
2025-07-19 21:38:56,118 | INFO | Script: step_3_T4.py | File: 2012_REG_T4.csv | RowAggregationWarning: Sum across axis 'BFC' for group 'Électricité produite d’origine thermique' included a suppressed or null value (s, so, ns, or null).
2025-07-19 21:38:56,121 | INFO | Script: step_3_T4.py | File: 2012_REG_T4.csv | RowAggregationWarning: Sum across axis 'ARA' for group 'Production d’électricité d’origine non thermique' included a suppressed or null value (s, so, ns, or null).
2025-07-19 21:38:56,122 | INFO | Script: step_3_T4.py | File: 2012_REG_T4.csv | RowAggregationWarning: Sum across axis 'BFC' for group 'Production d’électricité d’origine non thermique' included a suppressed or null value (s, so, ns, or null).
2025-07-19 21:38:56,124 | INFO | Script: step_3_T4.py | File: 2012_REG_T4.csv | RowAggregationWarning: Sum across axis 'HDF' for group 'Production d’électricité d’origine non thermique' included a suppressed or null value (s, so, ns, or null).
2025-07-19 21:38:56,125 | INFO | Script: step_3_T4.py | File: 2012_REG_T4.csv | RowAggregationWarning: Sum across axis 'OCC' for group 'Production d’électricité d’origine non thermique' included a suppressed or null value (s, so, ns, or null).
2025-07-19 21:38:56,126 | INFO | Script: step_3_T4.py | File: 2012_REG_T4.csv | RowAggregationWarning: Sum across axis 'ARA' for group 'Électricité autoproduite' included a suppressed or null value (s, so, ns, or null).
2025-07-19 21:38:56,126 | INFO | Script: step_3_T4.py | File: 2012_REG_T4.csv | RowAggregationWarning: Sum across axis 'BFC' for group 'Électricité autoproduite' included a suppressed or null value (s, so, ns, or null).
2025-07-19 21:38:56,130 | INFO | Script: step_3_T4.py | File: 2012_REG_T4.csv | RowAggregationWarning: Sum across axis 'ARA' for group 'Électricité produite et vendue' included a suppressed or null value (s, so, ns, or null).
2025-07-19 21:38:56,131 | INFO | Script: step_3_T4.py | File: 2012_REG_T4.csv | RowAggregationWarning: Sum across axis 'BFC' for group 'Électricité produite et vendue' included a suppressed or null value (s, so, ns, or null).
2025-07-19 21:38:56,132 | INFO | Script: step_3_T4.py | File: 2012_REG_T4.csv | RowAggregationWarning: Sum across axis 'HDF' for group 'Électricité produite et vendue' included a suppressed or null value (s, so, ns, or null).
2025-07-19 21:38:56,133 | INFO | Script: step_3_T4.py | File: 2012_REG_T4.csv | RowAggregationWarning: Sum across axis 'NOR' for group 'Électricité produite et vendue' included a suppressed or null value (s, so, ns, or null).
2025-07-19 21:38:56,137 | INFO | Script: step_3_T4.py | File: 2012_REG_T4.csv | RowAggregationWarning: Sum across axis 'NOR' for group 'Quantité d’électricité produite et consommée' included a suppressed or null value (s, so, ns, or null).
2025-07-19 21:38:56,137 | INFO | Script: step_3_T4.py | File: 2012_REG_T4.csv | RowAggregationWarning: Sum across axis 'OCC' for group 'Quantité d’électricité produite et consommée' included a suppressed or null value (s, so, ns, or null).
2025-07-19 21:38:56,141 | INFO | Script: step_3_T4.py | File: 2012_REG_T4.csv | RowAggregationWarning: Sum across axis 'NOR' for group 'Électricité achetée' included a suppressed or null value (s, so, ns, or null).
2025-07-19 21:38:56,141 | INFO | Script: step_3_T4.py | File: 2012_REG_T4.csv | RowAggregationWarning: Sum across axis 'OCC' for group 'Électricité achetée' included a suppressed or null value (s, so, ns, or null).
2025-07-19 21:38:56,150 | INFO | Script: step_3_T4.py | File: 2012_REG_T4.csv | RowAggregationWarning: Sum across axis 'BFC' for group 'Électricité : usage électrolyse' included a suppressed or null value (s, so, ns, or null).
2025-07-19 21:38:56,153 | INFO | Script: step_3_T4.py | File: 2012_REG_T4.csv | RowAggregationWarning: Sum across axis 'BFC' for group 'Électricité : usage chauffage des locaux et autres' included a suppressed or null value (s, so, ns, or null).
2025-07-19 21:38:56,166 | INFO | --- Processing file: 2012_TEFF_T4.csv ---
2025-07-19 21:38:56,170 | INFO | Script: step_3_T4.py | File: 2012_TEFF_T4.csv | ManualColumnSumWarning: Sum across axis 'columns' for group '50-99' included a suppressed or null value (s, so, ns, or null).
2025-07-19 21:38:56,171 | INFO | Script: step_3_T4.py | File: 2012_TEFF_T4.csv | ManualColumnSumWarning: Sum across axis 'columns' for group '500+' included a suppressed or null value (s, so, ns, or null).
2025-07-19 21:38:56,172 | INFO | Script: step_3_T4.py | File: 2012_TEFF_T4.csv | ManualColumnSumWarning: Sum across axis 'columns' for group '500+' included a suppressed or null value (s, so, ns, or null).
2025-07-19 21:38:56,178 | INFO | Script: step_3_T4.py | File: 2012_TEFF_T4.csv | RowAggregationWarning: Sum across axis '500+' for group 'Production d’électricité d’origine non thermique' included a suppressed or null value (s, so, ns, or null).
2025-07-19 21:38:56,181 | INFO | Script: step_3_T4.py | File: 2012_TEFF_T4.csv | RowAggregationWarning: Sum across axis '500+' for group 'Électricité produite et vendue' included a suppressed or null value (s, so, ns, or null).
2025-07-19 21:38:56,189 | INFO | Script: step_3_T4.py | File: 2012_TEFF_T4.csv | RowAggregationWarning: Sum across axis '500+' for group 'Électricité : usage électrolyse' included a suppressed or null value (s, so, ns, or null).
2025-07-19 21:38:56,191 | INFO | Script: step_3_T4.py | File: 2012_TEFF_T4.csv | RowAggregationWarning: Sum across axis '500+' for group 'Électricité : usage chauffage des locaux et autres' included a suppressed or null value (s, so, ns, or null).
2025-07-19 21:38:56,198 | INFO | --- Processing file: 2013_NAF_T4.csv ---
2025-07-19 21:38:56,203 | INFO | Script: step_3_T4.py | File: 2013_NAF_T4.csv | ManualColumnSumWarning: Sum across axis 'columns' for group 'C10T12' included a suppressed or null value (s, so, ns, or null).
2025-07-19 21:38:56,207 | INFO | Script: step_3_T4.py | File: 2013_NAF_T4.csv | ManualColumnSumWarning: Sum across axis 'columns' for group '31' included a suppressed or null value (s, so, ns, or null).
2025-07-19 21:38:56,217 | INFO | Script: step_3_T4.py | File: 2013_NAF_T4.csv | RowAggregationWarning: Sum across axis 'B07T09' for group 'Électricité produite d’origine thermique' included a suppressed or null value (s, so, ns, or null).
2025-07-19 21:38:56,217 | INFO | Script: step_3_T4.py | File: 2013_NAF_T4.csv | RowAggregationWarning: Sum across axis 'C10T12' for group 'Électricité produite d’origine thermique' included a suppressed or null value (s, so, ns, or null).
2025-07-19 21:38:56,222 | INFO | Script: step_3_T4.py | File: 2013_NAF_T4.csv | RowAggregationWarning: Sum across axis 'B07T09' for group 'Production d’électricité d’origine non thermique' included a suppressed or null value (s, so, ns, or null).
2025-07-19 21:38:56,222 | INFO | Script: step_3_T4.py | File: 2013_NAF_T4.csv | RowAggregationWarning: Sum across axis 'C10T12' for group 'Production d’électricité d’origine non thermique' included a suppressed or null value (s, so, ns, or null).
2025-07-19 21:38:56,227 | INFO | Script: step_3_T4.py | File: 2013_NAF_T4.csv | RowAggregationWarning: Sum across axis 'B07T09' for group 'Électricité autoproduite' included a suppressed or null value (s, so, ns, or null).
2025-07-19 21:38:56,228 | INFO | Script: step_3_T4.py | File: 2013_NAF_T4.csv | RowAggregationWarning: Sum across axis 'C10T12' for group 'Électricité autoproduite' included a suppressed or null value (s, so, ns, or null).
2025-07-19 21:38:56,233 | INFO | Script: step_3_T4.py | File: 2013_NAF_T4.csv | RowAggregationWarning: Sum across axis 'B07T09' for group 'Électricité produite et vendue' included a suppressed or null value (s, so, ns, or null).
2025-07-19 21:38:56,234 | INFO | Script: step_3_T4.py | File: 2013_NAF_T4.csv | RowAggregationWarning: Sum across axis 'C10T12' for group 'Électricité produite et vendue' included a suppressed or null value (s, so, ns, or null).
2025-07-19 21:38:56,239 | INFO | Script: step_3_T4.py | File: 2013_NAF_T4.csv | RowAggregationWarning: Sum across axis 'B07T09' for group 'Quantité d’électricité produite et consommée' included a suppressed or null value (s, so, ns, or null).
2025-07-19 21:38:56,240 | INFO | Script: step_3_T4.py | File: 2013_NAF_T4.csv | RowAggregationWarning: Sum across axis 'C10T12' for group 'Quantité d’électricité produite et consommée' included a suppressed or null value (s, so, ns, or null).
2025-07-19 21:38:56,245 | INFO | Script: step_3_T4.py | File: 2013_NAF_T4.csv | RowAggregationWarning: Sum across axis 'C10T12' for group 'Électricité achetée' included a suppressed or null value (s, so, ns, or null).
2025-07-19 21:38:56,255 | INFO | Script: step_3_T4.py | File: 2013_NAF_T4.csv | RowAggregationWarning: Sum across axis 'C10T12' for group 'Électricité : usage force motrice' included a suppressed or null value (s, so, ns, or null).
2025-07-19 21:38:56,271 | INFO | Script: step_3_T4.py | File: 2013_NAF_T4.csv | RowAggregationWarning: Sum across axis 'C10T12' for group 'Électricité : usage chauffage des locaux et autres' included a suppressed or null value (s, so, ns, or null).
2025-07-19 21:38:56,287 | INFO | --- Processing file: 2013_REG_T4.csv ---
2025-07-19 21:38:56,302 | INFO | Script: step_3_T4.py | File: 2013_REG_T4.csv | RowAggregationWarning: Sum across axis 'NOR' for group 'Électricité produite d’origine thermique' included a suppressed or null value (s, so, ns, or null).
2025-07-19 21:38:56,306 | INFO | Script: step_3_T4.py | File: 2013_REG_T4.csv | RowAggregationWarning: Sum across axis 'NOR' for group 'Production d’électricité d’origine non thermique' included a suppressed or null value (s, so, ns, or null).
2025-07-19 21:38:56,310 | INFO | Script: step_3_T4.py | File: 2013_REG_T4.csv | RowAggregationWarning: Sum across axis 'NOR' for group 'Électricité autoproduite' included a suppressed or null value (s, so, ns, or null).
2025-07-19 21:38:56,311 | INFO | Script: step_3_T4.py | File: 2013_REG_T4.csv | RowAggregationWarning: Sum across axis 'ARA' for group 'Électricité produite et vendue' included a suppressed or null value (s, so, ns, or null).
2025-07-19 21:38:56,313 | INFO | Script: step_3_T4.py | File: 2013_REG_T4.csv | RowAggregationWarning: Sum across axis 'HDF' for group 'Électricité produite et vendue' included a suppressed or null value (s, so, ns, or null).
2025-07-19 21:38:56,314 | INFO | Script: step_3_T4.py | File: 2013_REG_T4.csv | RowAggregationWarning: Sum across axis 'NOA' for group 'Électricité produite et vendue' included a suppressed or null value (s, so, ns, or null).
2025-07-19 21:38:56,314 | INFO | Script: step_3_T4.py | File: 2013_REG_T4.csv | RowAggregationWarning: Sum across axis 'OCC' for group 'Électricité produite et vendue' included a suppressed or null value (s, so, ns, or null).
2025-07-19 21:38:56,315 | INFO | Script: step_3_T4.py | File: 2013_REG_T4.csv | RowAggregationWarning: Sum across axis 'ARA' for group 'Quantité d’électricité produite et consommée' included a suppressed or null value (s, so, ns, or null).
2025-07-19 21:38:56,316 | INFO | Script: step_3_T4.py | File: 2013_REG_T4.csv | RowAggregationWarning: Sum across axis 'BFC' for group 'Quantité d’électricité produite et consommée' included a suppressed or null value (s, so, ns, or null).
2025-07-19 21:38:56,317 | INFO | Script: step_3_T4.py | File: 2013_REG_T4.csv | RowAggregationWarning: Sum across axis 'HDF' for group 'Quantité d’électricité produite et consommée' included a suppressed or null value (s, so, ns, or null).
2025-07-19 21:38:56,318 | INFO | Script: step_3_T4.py | File: 2013_REG_T4.csv | RowAggregationWarning: Sum across axis 'NOA' for group 'Quantité d’électricité produite et consommée' included a suppressed or null value (s, so, ns, or null).
2025-07-19 21:38:56,318 | INFO | Script: step_3_T4.py | File: 2013_REG_T4.csv | RowAggregationWarning: Sum across axis 'OCC' for group 'Quantité d’électricité produite et consommée' included a suppressed or null value (s, so, ns, or null).
2025-07-19 21:38:56,320 | INFO | Script: step_3_T4.py | File: 2013_REG_T4.csv | RowAggregationWarning: Sum across axis 'ARA' for group 'Électricité achetée' included a suppressed or null value (s, so, ns, or null).
2025-07-19 21:38:56,320 | INFO | Script: step_3_T4.py | File: 2013_REG_T4.csv | RowAggregationWarning: Sum across axis 'BFC' for group 'Électricité achetée' included a suppressed or null value (s, so, ns, or null).
2025-07-19 21:38:56,322 | INFO | Script: step_3_T4.py | File: 2013_REG_T4.csv | RowAggregationWarning: Sum across axis 'HDF' for group 'Électricité achetée' included a suppressed or null value (s, so, ns, or null).
2025-07-19 21:38:56,322 | INFO | Script: step_3_T4.py | File: 2013_REG_T4.csv | RowAggregationWarning: Sum across axis 'NOA' for group 'Électricité achetée' included a suppressed or null value (s, so, ns, or null).
2025-07-19 21:38:56,323 | INFO | Script: step_3_T4.py | File: 2013_REG_T4.csv | RowAggregationWarning: Sum across axis 'OCC' for group 'Électricité achetée' included a suppressed or null value (s, so, ns, or null).
2025-07-19 21:38:56,329 | INFO | Script: step_3_T4.py | File: 2013_REG_T4.csv | RowAggregationWarning: Sum across axis 'BFC' for group 'Électricité : usages thermiques, y compris production de froid ' included a suppressed or null value (s, so, ns, or null).
2025-07-19 21:38:56,333 | INFO | Script: step_3_T4.py | File: 2013_REG_T4.csv | RowAggregationWarning: Sum across axis 'BFC' for group 'Électricité : usage électrolyse' included a suppressed or null value (s, so, ns, or null).
2025-07-19 21:38:56,334 | INFO | Script: step_3_T4.py | File: 2013_REG_T4.csv | RowAggregationWarning: Sum across axis 'GRE' for group 'Électricité : usage électrolyse' included a suppressed or null value (s, so, ns, or null).
2025-07-19 21:38:56,339 | INFO | Script: step_3_T4.py | File: 2013_REG_T4.csv | RowAggregationWarning: Sum across axis 'OCC' for group 'Électricité : usage chauffage des locaux et autres' included a suppressed or null value (s, so, ns, or null).
2025-07-19 21:38:56,341 | INFO | Script: step_3_T4.py | File: 2013_REG_T4.csv | RowAggregationWarning: Sum across axis 'GRE' for group 'Électricité : usages thermodynamiques hors chauffage des locaux' included a suppressed or null value (s, so, ns, or null).
2025-07-19 21:38:56,343 | INFO | Script: step_3_T4.py | File: 2013_REG_T4.csv | RowAggregationWarning: Sum across axis 'OCC' for group 'Électricité : usages thermodynamiques hors chauffage des locaux' included a suppressed or null value (s, so, ns, or null).
2025-07-19 21:38:56,351 | INFO | --- Processing file: 2013_TEFF_T4.csv ---
2025-07-19 21:38:56,354 | INFO | Script: step_3_T4.py | File: 2013_TEFF_T4.csv | ManualColumnSumWarning: Sum across axis 'columns' for group '20-49' included a suppressed or null value (s, so, ns, or null).
2025-07-19 21:38:56,361 | INFO | Script: step_3_T4.py | File: 2013_TEFF_T4.csv | RowAggregationWarning: Sum across axis '500+' for group 'Électricité produite d’origine thermique' included a suppressed or null value (s, so, ns, or null).
2025-07-19 21:38:56,363 | INFO | Script: step_3_T4.py | File: 2013_TEFF_T4.csv | RowAggregationWarning: Sum across axis '500+' for group 'Production d’électricité d’origine non thermique' included a suppressed or null value (s, so, ns, or null).
2025-07-19 21:38:56,365 | INFO | Script: step_3_T4.py | File: 2013_TEFF_T4.csv | RowAggregationWarning: Sum across axis '500+' for group 'Électricité autoproduite' included a suppressed or null value (s, so, ns, or null).
2025-07-19 21:38:56,367 | INFO | Script: step_3_T4.py | File: 2013_TEFF_T4.csv | RowAggregationWarning: Sum across axis '500+' for group 'Électricité produite et vendue' included a suppressed or null value (s, so, ns, or null).
2025-07-19 21:38:56,369 | INFO | Script: step_3_T4.py | File: 2013_TEFF_T4.csv | RowAggregationWarning: Sum across axis '500+' for group 'Quantité d’électricité produite et consommée' included a suppressed or null value (s, so, ns, or null).
2025-07-19 21:38:56,371 | INFO | Script: step_3_T4.py | File: 2013_TEFF_T4.csv | RowAggregationWarning: Sum across axis '500+' for group 'Électricité achetée' included a suppressed or null value (s, so, ns, or null).
2025-07-19 21:38:56,376 | INFO | Script: step_3_T4.py | File: 2013_TEFF_T4.csv | RowAggregationWarning: Sum across axis '500+' for group 'Électricité : usage électrolyse' included a suppressed or null value (s, so, ns, or null).
2025-07-19 21:38:56,379 | INFO | Script: step_3_T4.py | File: 2013_TEFF_T4.csv | RowAggregationWarning: Sum across axis '500+' for group 'Électricité : usages thermodynamiques hors chauffage des locaux' included a suppressed or null value (s, so, ns, or null).
2025-07-19 21:38:56,385 | INFO | --- Processing file: 2014_NAF_T4.csv ---
2025-07-19 21:38:56,422 | INFO | Script: step_3_T4.py | File: 2014_NAF_T4.csv | RowAggregationWarning: Sum across axis 'C10T12' for group 'Électricité produite et vendue' included a suppressed or null value (s, so, ns, or null).
2025-07-19 21:38:56,428 | INFO | Script: step_3_T4.py | File: 2014_NAF_T4.csv | RowAggregationWarning: Sum across axis 'C10T12' for group 'Quantité d’électricité produite et consommée' included a suppressed or null value (s, so, ns, or null).
2025-07-19 21:38:56,433 | INFO | Script: step_3_T4.py | File: 2014_NAF_T4.csv | RowAggregationWarning: Sum across axis 'B07T09' for group 'Électricité achetée' included a suppressed or null value (s, so, ns, or null).
2025-07-19 21:38:56,434 | INFO | Script: step_3_T4.py | File: 2014_NAF_T4.csv | RowAggregationWarning: Sum across axis 'C10T12' for group 'Électricité achetée' included a suppressed or null value (s, so, ns, or null).
2025-07-19 21:38:56,439 | INFO | Script: step_3_T4.py | File: 2014_NAF_T4.csv | RowAggregationWarning: Sum across axis 'B07T09' for group 'Consommation d’électricité' included a suppressed or null value (s, so, ns, or null).
2025-07-19 21:38:56,449 | INFO | Script: step_3_T4.py | File: 2014_NAF_T4.csv | RowAggregationWarning: Sum across axis 'B07T09' for group 'Électricité : usages thermiques, y compris production de froid ' included a suppressed or null value (s, so, ns, or null).
2025-07-19 21:38:56,455 | INFO | Script: step_3_T4.py | File: 2014_NAF_T4.csv | RowAggregationWarning: Sum across axis 'B07T09' for group 'Électricité : usage électrolyse' included a suppressed or null value (s, so, ns, or null).
2025-07-19 21:38:56,465 | INFO | Script: step_3_T4.py | File: 2014_NAF_T4.csv | RowAggregationWarning: Sum across axis 'B07T09' for group 'Électricité : usages thermodynamiques hors chauffage des locaux' included a suppressed or null value (s, so, ns, or null).
2025-07-19 21:38:56,476 | INFO | --- Processing file: 2014_REG_T4.csv ---
2025-07-19 21:38:56,484 | INFO | Script: step_3_T4.py | File: 2014_REG_T4.csv | ManualColumnSumWarning: Sum across axis 'columns' for group 'ARA' included a suppressed or null value (s, so, ns, or null).
2025-07-19 21:38:56,489 | INFO | Script: step_3_T4.py | File: 2014_REG_T4.csv | RowAggregationWarning: Sum across axis 'ARA' for group 'Électricité produite d’origine thermique' included a suppressed or null value (s, so, ns, or null).
2025-07-19 21:38:56,490 | INFO | Script: step_3_T4.py | File: 2014_REG_T4.csv | RowAggregationWarning: Sum across axis 'BFC' for group 'Électricité produite d’origine thermique' included a suppressed or null value (s, so, ns, or null).
2025-07-19 21:38:56,491 | INFO | Script: step_3_T4.py | File: 2014_REG_T4.csv | RowAggregationWarning: Sum across axis 'GRE' for group 'Électricité produite d’origine thermique' included a suppressed or null value (s, so, ns, or null).
2025-07-19 21:38:56,491 | INFO | Script: step_3_T4.py | File: 2014_REG_T4.csv | RowAggregationWarning: Sum across axis 'HDF' for group 'Électricité produite d’origine thermique' included a suppressed or null value (s, so, ns, or null).
2025-07-19 21:38:56,492 | INFO | Script: step_3_T4.py | File: 2014_REG_T4.csv | RowAggregationWarning: Sum across axis 'NOA' for group 'Électricité produite d’origine thermique' included a suppressed or null value (s, so, ns, or null).
2025-07-19 21:38:56,494 | INFO | Script: step_3_T4.py | File: 2014_REG_T4.csv | RowAggregationWarning: Sum across axis 'BFC' for group 'Production d’électricité d’origine non thermique' included a suppressed or null value (s, so, ns, or null).
2025-07-19 21:38:56,495 | INFO | Script: step_3_T4.py | File: 2014_REG_T4.csv | RowAggregationWarning: Sum across axis 'GRE' for group 'Production d’électricité d’origine non thermique' included a suppressed or null value (s, so, ns, or null).
2025-07-19 21:38:56,495 | INFO | Script: step_3_T4.py | File: 2014_REG_T4.csv | RowAggregationWarning: Sum across axis 'HDF' for group 'Production d’électricité d’origine non thermique' included a suppressed or null value (s, so, ns, or null).
2025-07-19 21:38:56,496 | INFO | Script: step_3_T4.py | File: 2014_REG_T4.csv | RowAggregationWarning: Sum across axis 'NOA' for group 'Production d’électricité d’origine non thermique' included a suppressed or null value (s, so, ns, or null).
2025-07-19 21:38:56,498 | INFO | Script: step_3_T4.py | File: 2014_REG_T4.csv | RowAggregationWarning: Sum across axis 'BFC' for group 'Électricité autoproduite' included a suppressed or null value (s, so, ns, or null).
2025-07-19 21:38:56,499 | INFO | Script: step_3_T4.py | File: 2014_REG_T4.csv | RowAggregationWarning: Sum across axis 'GRE' for group 'Électricité autoproduite' included a suppressed or null value (s, so, ns, or null).
2025-07-19 21:38:56,500 | INFO | Script: step_3_T4.py | File: 2014_REG_T4.csv | RowAggregationWarning: Sum across axis 'HDF' for group 'Électricité autoproduite' included a suppressed or null value (s, so, ns, or null).
2025-07-19 21:38:56,500 | INFO | Script: step_3_T4.py | File: 2014_REG_T4.csv | RowAggregationWarning: Sum across axis 'NOA' for group 'Électricité autoproduite' included a suppressed or null value (s, so, ns, or null).
2025-07-19 21:38:56,502 | INFO | Script: step_3_T4.py | File: 2014_REG_T4.csv | RowAggregationWarning: Sum across axis 'ARA' for group 'Électricité produite et vendue' included a suppressed or null value (s, so, ns, or null).
2025-07-19 21:38:56,502 | INFO | Script: step_3_T4.py | File: 2014_REG_T4.csv | RowAggregationWarning: Sum across axis 'BFC' for group 'Électricité produite et vendue' included a suppressed or null value (s, so, ns, or null).
2025-07-19 21:38:56,504 | INFO | Script: step_3_T4.py | File: 2014_REG_T4.csv | RowAggregationWarning: Sum across axis 'HDF' for group 'Électricité produite et vendue' included a suppressed or null value (s, so, ns, or null).
2025-07-19 21:38:56,504 | INFO | Script: step_3_T4.py | File: 2014_REG_T4.csv | RowAggregationWarning: Sum across axis 'NOA' for group 'Électricité produite et vendue' included a suppressed or null value (s, so, ns, or null).
2025-07-19 21:38:56,506 | INFO | Script: step_3_T4.py | File: 2014_REG_T4.csv | RowAggregationWarning: Sum across axis 'ARA' for group 'Quantité d’électricité produite et consommée' included a suppressed or null value (s, so, ns, or null).
2025-07-19 21:38:56,508 | INFO | Script: step_3_T4.py | File: 2014_REG_T4.csv | RowAggregationWarning: Sum across axis 'HDF' for group 'Quantité d’électricité produite et consommée' included a suppressed or null value (s, so, ns, or null).
2025-07-19 21:38:56,508 | INFO | Script: step_3_T4.py | File: 2014_REG_T4.csv | RowAggregationWarning: Sum across axis 'NOA' for group 'Quantité d’électricité produite et consommée' included a suppressed or null value (s, so, ns, or null).
2025-07-19 21:38:56,510 | INFO | Script: step_3_T4.py | File: 2014_REG_T4.csv | RowAggregationWarning: Sum across axis 'ARA' for group 'Électricité achetée' included a suppressed or null value (s, so, ns, or null).
2025-07-19 21:38:56,510 | INFO | Script: step_3_T4.py | File: 2014_REG_T4.csv | RowAggregationWarning: Sum across axis 'BFC' for group 'Électricité achetée' included a suppressed or null value (s, so, ns, or null).
2025-07-19 21:38:56,512 | INFO | Script: step_3_T4.py | File: 2014_REG_T4.csv | RowAggregationWarning: Sum across axis 'HDF' for group 'Électricité achetée' included a suppressed or null value (s, so, ns, or null).
2025-07-19 21:38:56,512 | INFO | Script: step_3_T4.py | File: 2014_REG_T4.csv | RowAggregationWarning: Sum across axis 'NOA' for group 'Électricité achetée' included a suppressed or null value (s, so, ns, or null).
2025-07-19 21:38:56,514 | INFO | Script: step_3_T4.py | File: 2014_REG_T4.csv | RowAggregationWarning: Sum across axis 'BFC' for group 'Consommation d’électricité' included a suppressed or null value (s, so, ns, or null).
2025-07-19 21:38:56,516 | INFO | Script: step_3_T4.py | File: 2014_REG_T4.csv | RowAggregationWarning: Sum across axis 'OCC' for group 'Consommation d’électricité' included a suppressed or null value (s, so, ns, or null).
2025-07-19 21:38:56,522 | INFO | Script: step_3_T4.py | File: 2014_REG_T4.csv | RowAggregationWarning: Sum across axis 'BFC' for group 'Électricité : usage électrolyse' included a suppressed or null value (s, so, ns, or null).
2025-07-19 21:38:56,524 | INFO | Script: step_3_T4.py | File: 2014_REG_T4.csv | RowAggregationWarning: Sum across axis 'GRE' for group 'Électricité : usage électrolyse' included a suppressed or null value (s, so, ns, or null).
2025-07-19 21:38:56,525 | INFO | Script: step_3_T4.py | File: 2014_REG_T4.csv | RowAggregationWarning: Sum across axis 'OCC' for group 'Électricité : usage électrolyse' included a suppressed or null value (s, so, ns, or null).
2025-07-19 21:38:56,528 | INFO | Script: step_3_T4.py | File: 2014_REG_T4.csv | RowAggregationWarning: Sum across axis 'GRE' for group 'Électricité : usage chauffage des locaux et autres' included a suppressed or null value (s, so, ns, or null).
2025-07-19 21:38:56,529 | INFO | Script: step_3_T4.py | File: 2014_REG_T4.csv | RowAggregationWarning: Sum across axis 'OCC' for group 'Électricité : usage chauffage des locaux et autres' included a suppressed or null value (s, so, ns, or null).
2025-07-19 21:38:56,539 | INFO | --- Processing file: 2014_TEFF_T4.csv ---
2025-07-19 21:38:56,567 | INFO | --- Processing file: 2015_NAF_T4.csv ---
2025-07-19 21:38:56,570 | INFO | Script: step_3_T4.py | File: 2015_NAF_T4.csv | ManualColumnSumWarning: Sum across axis 'columns' for group 'B07T09' included a suppressed or null value (s, so, ns, or null).
2025-07-19 21:38:56,571 | INFO | Script: step_3_T4.py | File: 2015_NAF_T4.csv | ManualColumnSumWarning: Sum across axis 'columns' for group 'C10T12' included a suppressed or null value (s, so, ns, or null).
2025-07-19 21:38:56,574 | INFO | Script: step_3_T4.py | File: 2015_NAF_T4.csv | ManualColumnSumWarning: Sum across axis 'columns' for group '23' included a suppressed or null value (s, so, ns, or null).
2025-07-19 21:38:56,576 | INFO | Script: step_3_T4.py | File: 2015_NAF_T4.csv | ManualColumnSumWarning: Sum across axis 'columns' for group '27' included a suppressed or null value (s, so, ns, or null).
2025-07-19 21:38:56,587 | INFO | Script: step_3_T4.py | File: 2015_NAF_T4.csv | RowAggregationWarning: Sum across axis 'B07T09' for group 'Électricité produite d’origine thermique' included a suppressed or null value (s, so, ns, or null).
2025-07-19 21:38:56,588 | INFO | Script: step_3_T4.py | File: 2015_NAF_T4.csv | RowAggregationWarning: Sum across axis 'C10T12' for group 'Électricité produite d’origine thermique' included a suppressed or null value (s, so, ns, or null).
2025-07-19 21:38:56,611 | INFO | Script: step_3_T4.py | File: 2015_NAF_T4.csv | RowAggregationWarning: Sum across axis 'B07T09' for group 'Quantité d’électricité produite et consommée' included a suppressed or null value (s, so, ns, or null).
2025-07-19 21:38:56,611 | INFO | Script: step_3_T4.py | File: 2015_NAF_T4.csv | RowAggregationWarning: Sum across axis 'C10T12' for group 'Quantité d’électricité produite et consommée' included a suppressed or null value (s, so, ns, or null).
2025-07-19 21:38:56,617 | INFO | Script: step_3_T4.py | File: 2015_NAF_T4.csv | RowAggregationWarning: Sum across axis 'C10T12' for group 'Électricité achetée' included a suppressed or null value (s, so, ns, or null).
2025-07-19 21:38:56,623 | INFO | Script: step_3_T4.py | File: 2015_NAF_T4.csv | RowAggregationWarning: Sum across axis 'B07T09' for group 'Consommation d’électricité' included a suppressed or null value (s, so, ns, or null).
2025-07-19 21:38:56,642 | INFO | Script: step_3_T4.py | File: 2015_NAF_T4.csv | RowAggregationWarning: Sum across axis 'B07T09' for group 'Électricité : usage chauffage des locaux et autres' included a suppressed or null value (s, so, ns, or null).
2025-07-19 21:38:56,643 | INFO | Script: step_3_T4.py | File: 2015_NAF_T4.csv | RowAggregationWarning: Sum across axis 'C10T12' for group 'Électricité : usage chauffage des locaux et autres' included a suppressed or null value (s, so, ns, or null).
2025-07-19 21:38:56,649 | INFO | Script: step_3_T4.py | File: 2015_NAF_T4.csv | RowAggregationWarning: Sum across axis 'B07T09' for group 'Électricité : usages thermodynamiques hors chauffage des locaux' included a suppressed or null value (s, so, ns, or null).
2025-07-19 21:38:56,649 | INFO | Script: step_3_T4.py | File: 2015_NAF_T4.csv | RowAggregationWarning: Sum across axis 'C10T12' for group 'Électricité : usages thermodynamiques hors chauffage des locaux' included a suppressed or null value (s, so, ns, or null).
2025-07-19 21:38:56,660 | INFO | --- Processing file: 2015_REG_T4.csv ---
2025-07-19 21:38:56,663 | INFO | Script: step_3_T4.py | File: 2015_REG_T4.csv | ManualColumnSumWarning: Sum across axis 'columns' for group 'IDF' included a suppressed or null value (s, so, ns, or null).
2025-07-19 21:38:56,664 | INFO | Script: step_3_T4.py | File: 2015_REG_T4.csv | ManualColumnSumWarning: Sum across axis 'columns' for group 'BFC' included a suppressed or null value (s, so, ns, or null).
2025-07-19 21:38:56,716 | INFO | --- Processing file: 2015_TEFF_T4.csv ---
2025-07-19 21:38:56,745 | INFO | --- Processing file: 2016_NAF_T4.csv ---
2025-07-19 21:38:56,749 | INFO | Script: step_3_T4.py | File: 2016_NAF_T4.csv | ManualColumnSumWarning: Sum across axis 'columns' for group 'B07T09' included a suppressed or null value (s, so, ns, or null).
2025-07-19 21:38:56,755 | INFO | Script: step_3_T4.py | File: 2016_NAF_T4.csv | ManualColumnSumWarning: Sum across axis 'columns' for group '38' included a suppressed or null value (s, so, ns, or null).
2025-07-19 21:38:56,765 | INFO | Script: step_3_T4.py | File: 2016_NAF_T4.csv | RowAggregationWarning: Sum across axis 'C10T12' for group 'Électricité produite d’origine thermique' included a suppressed or null value (s, so, ns, or null).
2025-07-19 21:38:56,771 | INFO | Script: step_3_T4.py | File: 2016_NAF_T4.csv | RowAggregationWarning: Sum across axis 'B07T09' for group 'Production d’électricité d’origine non thermique' included a suppressed or null value (s, so, ns, or null).
2025-07-19 21:38:56,771 | INFO | Script: step_3_T4.py | File: 2016_NAF_T4.csv | RowAggregationWarning: Sum across axis 'C10T12' for group 'Production d’électricité d’origine non thermique' included a suppressed or null value (s, so, ns, or null).
2025-07-19 21:38:56,777 | INFO | Script: step_3_T4.py | File: 2016_NAF_T4.csv | RowAggregationWarning: Sum across axis 'B07T09' for group 'Électricité autoproduite' included a suppressed or null value (s, so, ns, or null).
2025-07-19 21:38:56,778 | INFO | Script: step_3_T4.py | File: 2016_NAF_T4.csv | RowAggregationWarning: Sum across axis 'C10T12' for group 'Électricité autoproduite' included a suppressed or null value (s, so, ns, or null).
2025-07-19 21:38:56,783 | INFO | Script: step_3_T4.py | File: 2016_NAF_T4.csv | RowAggregationWarning: Sum across axis 'B07T09' for group 'Électricité produite et vendue' included a suppressed or null value (s, so, ns, or null).
2025-07-19 21:38:56,801 | INFO | Script: step_3_T4.py | File: 2016_NAF_T4.csv | RowAggregationWarning: Sum across axis 'B07T09' for group 'Consommation d’électricité' included a suppressed or null value (s, so, ns, or null).
2025-07-19 21:38:56,807 | INFO | Script: step_3_T4.py | File: 2016_NAF_T4.csv | RowAggregationWarning: Sum across axis 'B07T09' for group 'Électricité : usage force motrice' included a suppressed or null value (s, so, ns, or null).
2025-07-19 21:38:56,819 | INFO | Script: step_3_T4.py | File: 2016_NAF_T4.csv | RowAggregationWarning: Sum across axis 'B07T09' for group 'Électricité : usage électrolyse' included a suppressed or null value (s, so, ns, or null).
2025-07-19 21:38:56,837 | INFO | --- Processing file: 2016_REG_T4.csv ---
2025-07-19 21:38:56,890 | INFO | --- Processing file: 2016_TEFF_T4.csv ---
2025-07-19 21:38:56,917 | INFO | --- Processing file: 2017_NAF_T4.csv ---
2025-07-19 21:38:56,926 | INFO | Script: step_3_T4.py | File: 2017_NAF_T4.csv | ManualColumnSumWarning: Sum across axis 'columns' for group '31' included a suppressed or null value (s, so, ns, or null).
2025-07-19 21:38:56,926 | INFO | Script: step_3_T4.py | File: 2017_NAF_T4.csv | ManualColumnSumWarning: Sum across axis 'columns' for group '32' included a suppressed or null value (s, so, ns, or null).
2025-07-19 21:38:56,927 | INFO | Script: step_3_T4.py | File: 2017_NAF_T4.csv | ManualColumnSumWarning: Sum across axis 'columns' for group '38' included a suppressed or null value (s, so, ns, or null).
2025-07-19 21:38:56,936 | INFO | Script: step_3_T4.py | File: 2017_NAF_T4.csv | RowAggregationWarning: Sum across axis 'B07T09' for group 'Électricité produite d’origine thermique' included a suppressed or null value (s, so, ns, or null).
2025-07-19 21:38:56,942 | INFO | Script: step_3_T4.py | File: 2017_NAF_T4.csv | RowAggregationWarning: Sum across axis 'B07T09' for group 'Production d’électricité d’origine non thermique' included a suppressed or null value (s, so, ns, or null).
2025-07-19 21:38:56,949 | INFO | Script: step_3_T4.py | File: 2017_NAF_T4.csv | RowAggregationWarning: Sum across axis 'B07T09' for group 'Électricité autoproduite' included a suppressed or null value (s, so, ns, or null).
2025-07-19 21:38:56,955 | INFO | Script: step_3_T4.py | File: 2017_NAF_T4.csv | RowAggregationWarning: Sum across axis 'B07T09' for group 'Électricité produite et vendue' included a suppressed or null value (s, so, ns, or null).
2025-07-19 21:38:56,955 | INFO | Script: step_3_T4.py | File: 2017_NAF_T4.csv | RowAggregationWarning: Sum across axis 'C10T12' for group 'Électricité produite et vendue' included a suppressed or null value (s, so, ns, or null).
2025-07-19 21:38:56,961 | INFO | Script: step_3_T4.py | File: 2017_NAF_T4.csv | RowAggregationWarning: Sum across axis 'B07T09' for group 'Quantité d’électricité produite et consommée' included a suppressed or null value (s, so, ns, or null).
2025-07-19 21:38:56,961 | INFO | Script: step_3_T4.py | File: 2017_NAF_T4.csv | RowAggregationWarning: Sum across axis 'C10T12' for group 'Quantité d’électricité produite et consommée' included a suppressed or null value (s, so, ns, or null).
2025-07-19 21:38:56,967 | INFO | Script: step_3_T4.py | File: 2017_NAF_T4.csv | RowAggregationWarning: Sum across axis 'C10T12' for group 'Électricité achetée' included a suppressed or null value (s, so, ns, or null).
2025-07-19 21:38:56,979 | INFO | Script: step_3_T4.py | File: 2017_NAF_T4.csv | RowAggregationWarning: Sum across axis 'B07T09' for group 'Électricité : usage force motrice' included a suppressed or null value (s, so, ns, or null).
2025-07-19 21:38:56,985 | INFO | Script: step_3_T4.py | File: 2017_NAF_T4.csv | RowAggregationWarning: Sum across axis 'B07T09' for group 'Électricité : usages thermiques, y compris production de froid ' included a suppressed or null value (s, so, ns, or null).
2025-07-19 21:38:56,990 | INFO | Script: step_3_T4.py | File: 2017_NAF_T4.csv | RowAggregationWarning: Sum across axis 'B07T09' for group 'Électricité : usage électrolyse' included a suppressed or null value (s, so, ns, or null).
2025-07-19 21:38:56,991 | INFO | Script: step_3_T4.py | File: 2017_NAF_T4.csv | RowAggregationWarning: Sum across axis 'C10T12' for group 'Électricité : usage électrolyse' included a suppressed or null value (s, so, ns, or null).
2025-07-19 21:38:57,002 | INFO | Script: step_3_T4.py | File: 2017_NAF_T4.csv | RowAggregationWarning: Sum across axis 'B07T09' for group 'Électricité : usages thermodynamiques hors chauffage des locaux' included a suppressed or null value (s, so, ns, or null).
2025-07-19 21:38:57,003 | INFO | Script: step_3_T4.py | File: 2017_NAF_T4.csv | RowAggregationWarning: Sum across axis 'C10T12' for group 'Électricité : usages thermodynamiques hors chauffage des locaux' included a suppressed or null value (s, so, ns, or null).
2025-07-19 21:38:57,013 | INFO | --- Processing file: 2017_REG_T4.csv ---
2025-07-19 21:38:57,018 | INFO | Script: step_3_T4.py | File: 2017_REG_T4.csv | ManualColumnSumWarning: Sum across axis 'columns' for group 'BFC' included a suppressed or null value (s, so, ns, or null).
2025-07-19 21:38:57,069 | INFO | --- Processing file: 2017_TEFF_T4.csv ---
2025-07-19 21:38:57,095 | INFO | --- Processing file: 2018_NAF_T4.csv ---
2025-07-19 21:38:57,099 | INFO | Script: step_3_T4.py | File: 2018_NAF_T4.csv | ManualColumnSumWarning: Sum across axis 'columns' for group 'B07T09' included a suppressed or null value (s, so, ns, or null).
2025-07-19 21:38:57,100 | INFO | Script: step_3_T4.py | File: 2018_NAF_T4.csv | ManualColumnSumWarning: Sum across axis 'columns' for group '14' included a suppressed or null value (s, so, ns, or null).
2025-07-19 21:38:57,115 | INFO | Script: step_3_T4.py | File: 2018_NAF_T4.csv | RowAggregationWarning: Sum across axis 'B07T09' for group 'Électricité produite d’origine thermique' included a suppressed or null value (s, so, ns, or null).
2025-07-19 21:38:57,115 | INFO | Script: step_3_T4.py | File: 2018_NAF_T4.csv | RowAggregationWarning: Sum across axis 'C10T12' for group 'Électricité produite d’origine thermique' included a suppressed or null value (s, so, ns, or null).
2025-07-19 21:38:57,122 | INFO | Script: step_3_T4.py | File: 2018_NAF_T4.csv | RowAggregationWarning: Sum across axis 'C10T12' for group 'Production d’électricité d’origine non thermique' included a suppressed or null value (s, so, ns, or null).
2025-07-19 21:38:57,128 | INFO | Script: step_3_T4.py | File: 2018_NAF_T4.csv | RowAggregationWarning: Sum across axis 'C10T12' for group 'Électricité autoproduite' included a suppressed or null value (s, so, ns, or null).
2025-07-19 21:38:57,134 | INFO | Script: step_3_T4.py | File: 2018_NAF_T4.csv | RowAggregationWarning: Sum across axis 'C10T12' for group 'Électricité produite et vendue' included a suppressed or null value (s, so, ns, or null).
2025-07-19 21:38:57,140 | INFO | Script: step_3_T4.py | File: 2018_NAF_T4.csv | RowAggregationWarning: Sum across axis 'B07T09' for group 'Quantité d’électricité produite et consommée' included a suppressed or null value (s, so, ns, or null).
2025-07-19 21:38:57,140 | INFO | Script: step_3_T4.py | File: 2018_NAF_T4.csv | RowAggregationWarning: Sum across axis 'C10T12' for group 'Quantité d’électricité produite et consommée' included a suppressed or null value (s, so, ns, or null).
2025-07-19 21:38:57,146 | INFO | Script: step_3_T4.py | File: 2018_NAF_T4.csv | RowAggregationWarning: Sum across axis 'C10T12' for group 'Électricité achetée' included a suppressed or null value (s, so, ns, or null).
2025-07-19 21:38:57,151 | INFO | Script: step_3_T4.py | File: 2018_NAF_T4.csv | RowAggregationWarning: Sum across axis 'B07T09' for group 'Consommation d’électricité' included a suppressed or null value (s, so, ns, or null).
2025-07-19 21:38:57,152 | INFO | Script: step_3_T4.py | File: 2018_NAF_T4.csv | RowAggregationWarning: Sum across axis 'C10T12' for group 'Consommation d’électricité' included a suppressed or null value (s, so, ns, or null).
2025-07-19 21:38:57,158 | INFO | Script: step_3_T4.py | File: 2018_NAF_T4.csv | RowAggregationWarning: Sum across axis 'C10T12' for group 'Électricité : usage force motrice' included a suppressed or null value (s, so, ns, or null).
2025-07-19 21:38:57,164 | INFO | Script: step_3_T4.py | File: 2018_NAF_T4.csv | RowAggregationWarning: Sum across axis 'C10T12' for group 'Électricité : usages thermiques, y compris production de froid ' included a suppressed or null value (s, so, ns, or null).
2025-07-19 21:38:57,170 | INFO | Script: step_3_T4.py | File: 2018_NAF_T4.csv | RowAggregationWarning: Sum across axis 'C10T12' for group 'Électricité : usage électrolyse' included a suppressed or null value (s, so, ns, or null).
2025-07-19 21:38:57,176 | INFO | Script: step_3_T4.py | File: 2018_NAF_T4.csv | RowAggregationWarning: Sum across axis 'B07T09' for group 'Électricité : usage chauffage des locaux et autres' included a suppressed or null value (s, so, ns, or null).
2025-07-19 21:38:57,176 | INFO | Script: step_3_T4.py | File: 2018_NAF_T4.csv | RowAggregationWarning: Sum across axis 'C10T12' for group 'Électricité : usage chauffage des locaux et autres' included a suppressed or null value (s, so, ns, or null).
2025-07-19 21:38:57,182 | INFO | Script: step_3_T4.py | File: 2018_NAF_T4.csv | RowAggregationWarning: Sum across axis 'C10T12' for group 'Électricité : usages thermodynamiques hors chauffage des locaux' included a suppressed or null value (s, so, ns, or null).
2025-07-19 21:38:57,193 | INFO | --- Processing file: 2018_REG_T4.csv ---
2025-07-19 21:38:57,247 | INFO | --- Processing file: 2018_TEFF_T4.csv ---
2025-07-19 21:38:57,274 | INFO | --- Processing file: 2019_NAF_T4.csv ---
2025-07-19 21:38:57,279 | INFO | Script: step_3_T4.py | File: 2019_NAF_T4.csv | ManualColumnSumWarning: Sum across axis 'columns' for group 'C10T12' included a suppressed or null value (s, so, ns, or null).
2025-07-19 21:38:57,284 | INFO | Script: step_3_T4.py | File: 2019_NAF_T4.csv | ManualColumnSumWarning: Sum across axis 'columns' for group '31' included a suppressed or null value (s, so, ns, or null).
2025-07-19 21:38:57,285 | INFO | Script: step_3_T4.py | File: 2019_NAF_T4.csv | ManualColumnSumWarning: Sum across axis 'columns' for group '32' included a suppressed or null value (s, so, ns, or null).
2025-07-19 21:38:57,295 | INFO | Script: step_3_T4.py | File: 2019_NAF_T4.csv | RowAggregationWarning: Sum across axis 'C10T12' for group 'Électricité produite d’origine thermique' included a suppressed or null value (s, so, ns, or null).
2025-07-19 21:38:57,319 | INFO | Script: step_3_T4.py | File: 2019_NAF_T4.csv | RowAggregationWarning: Sum across axis 'C10T12' for group 'Quantité d’électricité produite et consommée' included a suppressed or null value (s, so, ns, or null).
2025-07-19 21:38:57,325 | INFO | Script: step_3_T4.py | File: 2019_NAF_T4.csv | RowAggregationWarning: Sum across axis 'C10T12' for group 'Électricité achetée' included a suppressed or null value (s, so, ns, or null).
2025-07-19 21:38:57,358 | INFO | --- Processing file: 2019_REG_T4.csv ---
2025-07-19 21:38:57,412 | INFO | --- Processing file: 2019_TEFF_T4.csv ---
2025-07-19 21:38:57,439 | INFO | --- Processing file: 2020_NAF_T4.csv ---
2025-07-19 21:38:57,524 | INFO | --- Processing file: 2020_REG_T4.csv ---
2025-07-19 21:38:57,576 | INFO | --- Processing file: 2020_TEFF_T4.csv ---
2025-07-19 21:38:57,602 | INFO | --- Processing file: 2021_NAF_T4.csv ---
2025-07-19 21:38:57,685 | INFO | --- Processing file: 2021_REG_T4.csv ---
2025-07-19 21:38:57,736 | INFO | --- Processing file: 2021_TEFF_T4.csv ---
2025-07-19 21:38:57,762 | INFO | --- Processing file: 2022_NAF_T4.csv ---
2025-07-19 21:38:57,844 | INFO | --- Processing file: 2022_REG_T4.csv ---
2025-07-19 21:38:57,895 | INFO | --- Processing file: 2022_TEFF_T4.csv ---
2025-07-19 21:38:57,921 | INFO | --- Processing file: 2023_NAF_T4.csv ---
2025-07-19 21:38:57,999 | INFO | --- Processing file: 2023_REG_T4.csv ---
2025-07-19 21:38:58,047 | INFO | --- Processing file: 2023_TEFF_T4.csv ---
